<?xml version="1.0" encoding="UTF-8"?>
<coverage generated="1695069485">
  <project timestamp="1695069485">
    <file name="/var/www/html/src/Core/Application/Command/Actor/CreateActor/CreateActorCommand.php">
      <class name="Whalar\Core\Application\Command\Actor\CreateActor\CreateActorCommand" namespace="global">
        <metrics complexity="1" methods="1" coveredmethods="1" conditionals="0" coveredconditionals="0" statements="1" coveredstatements="1" elements="2" coveredelements="2"/>
      </class>
      <line num="11" type="method" name="__construct" visibility="public" complexity="1" crap="1" count="4"/>
      <line num="17" type="stmt" count="4"/>
      <metrics loc="19" ncloc="19" classes="1" methods="1" coveredmethods="1" conditionals="0" coveredconditionals="0" statements="1" coveredstatements="1" elements="2" coveredelements="2"/>
    </file>
    <file name="/var/www/html/src/Core/Application/Command/Actor/CreateActor/CreateActorCommandHandler.php">
      <class name="Whalar\Core\Application\Command\Actor\CreateActor\CreateActorCommandHandler" namespace="global">
        <metrics complexity="3" methods="2" coveredmethods="2" conditionals="0" coveredconditionals="0" statements="7" coveredstatements="7" elements="9" coveredelements="9"/>
      </class>
      <line num="16" type="method" name="__construct" visibility="public" complexity="1" crap="1" count="4"/>
      <line num="18" type="stmt" count="4"/>
      <line num="21" type="method" name="__invoke" visibility="public" complexity="2" crap="2" count="4"/>
      <line num="23" type="stmt" count="4"/>
      <line num="24" type="stmt" count="4"/>
      <line num="25" type="stmt" count="4"/>
      <line num="26" type="stmt" count="4"/>
      <line num="27" type="stmt" count="4"/>
      <line num="28" type="stmt" count="4"/>
      <metrics loc="31" ncloc="30" classes="1" methods="2" coveredmethods="2" conditionals="0" coveredconditionals="0" statements="7" coveredstatements="7" elements="9" coveredelements="9"/>
    </file>
    <file name="/var/www/html/src/Core/Application/Command/Character/CreateCharacter/CreateCharacterCommand.php">
      <class name="Whalar\Core\Application\Command\Character\CreateCharacter\CreateCharacterCommand" namespace="global">
        <metrics complexity="1" methods="1" coveredmethods="1" conditionals="0" coveredconditionals="0" statements="1" coveredstatements="1" elements="2" coveredelements="2"/>
      </class>
      <line num="12" type="method" name="__construct" visibility="public" complexity="1" crap="1" count="8"/>
      <line num="24" type="stmt" count="8"/>
      <metrics loc="26" ncloc="25" classes="1" methods="1" coveredmethods="1" conditionals="0" coveredconditionals="0" statements="1" coveredstatements="1" elements="2" coveredelements="2"/>
    </file>
    <file name="/var/www/html/src/Core/Application/Command/Character/CreateCharacter/CreateCharacterCommandHandler.php">
      <class name="Whalar\Core\Application\Command\Character\CreateCharacter\CreateCharacterCommandHandler" namespace="global">
        <metrics complexity="10" methods="4" coveredmethods="4" conditionals="0" coveredconditionals="0" statements="27" coveredstatements="27" elements="31" coveredelements="31"/>
      </class>
      <line num="27" type="method" name="__construct" visibility="public" complexity="1" crap="1" count="8"/>
      <line num="32" type="stmt" count="8"/>
      <line num="35" type="method" name="__invoke" visibility="public" complexity="5" crap="5" count="8"/>
      <line num="37" type="stmt" count="8"/>
      <line num="38" type="stmt" count="8"/>
      <line num="39" type="stmt" count="8"/>
      <line num="40" type="stmt" count="8"/>
      <line num="41" type="stmt" count="8"/>
      <line num="42" type="stmt" count="8"/>
      <line num="43" type="stmt" count="8"/>
      <line num="44" type="stmt" count="6"/>
      <line num="45" type="stmt" count="6"/>
      <line num="46" type="stmt" count="6"/>
      <line num="47" type="stmt" count="8"/>
      <line num="48" type="stmt" count="8"/>
      <line num="49" type="stmt" count="8"/>
      <line num="50" type="stmt" count="8"/>
      <line num="54" type="method" name="getActors" visibility="private" complexity="2" crap="2" count="8"/>
      <line num="56" type="stmt" count="8"/>
      <line num="57" type="stmt" count="1"/>
      <line num="60" type="stmt" count="7"/>
      <line num="61" type="stmt" count="7"/>
      <line num="62" type="stmt" count="7"/>
      <line num="63" type="stmt" count="7"/>
      <line num="64" type="stmt" count="7"/>
      <line num="65" type="stmt" count="7"/>
      <line num="69" type="method" name="getUnassignedActorOrFail" visibility="private" complexity="2" crap="2" count="7"/>
      <line num="71" type="stmt" count="7"/>
      <line num="73" type="stmt" count="6"/>
      <line num="74" type="stmt" count="1"/>
      <line num="77" type="stmt" count="6"/>
      <metrics loc="80" ncloc="77" classes="1" methods="4" coveredmethods="4" conditionals="0" coveredconditionals="0" statements="27" coveredstatements="27" elements="31" coveredelements="31"/>
    </file>
    <file name="/var/www/html/src/Core/Application/Command/House/CreateHouse/CreateHouseCommand.php">
      <class name="Whalar\Core\Application\Command\House\CreateHouse\CreateHouseCommand" namespace="global">
        <metrics complexity="1" methods="1" coveredmethods="1" conditionals="0" coveredconditionals="0" statements="1" coveredstatements="1" elements="2" coveredelements="2"/>
      </class>
      <line num="11" type="method" name="__construct" visibility="public" complexity="1" crap="1" count="3"/>
      <line num="13" type="stmt" count="3"/>
      <metrics loc="15" ncloc="15" classes="1" methods="1" coveredmethods="1" conditionals="0" coveredconditionals="0" statements="1" coveredstatements="1" elements="2" coveredelements="2"/>
    </file>
    <file name="/var/www/html/src/Core/Application/Command/House/CreateHouse/CreateHouseCommandHandler.php">
      <class name="Whalar\Core\Application\Command\House\CreateHouse\CreateHouseCommandHandler" namespace="global">
        <metrics complexity="2" methods="2" coveredmethods="2" conditionals="0" coveredconditionals="0" statements="2" coveredstatements="2" elements="4" coveredelements="4"/>
      </class>
      <line num="14" type="method" name="__construct" visibility="public" complexity="1" crap="1" count="3"/>
      <line num="16" type="stmt" count="3"/>
      <line num="19" type="method" name="__invoke" visibility="public" complexity="1" crap="1" count="3"/>
      <line num="21" type="stmt" count="3"/>
      <metrics loc="24" ncloc="23" classes="1" methods="2" coveredmethods="2" conditionals="0" coveredconditionals="0" statements="2" coveredstatements="2" elements="4" coveredelements="4"/>
    </file>
    <file name="/var/www/html/src/Core/Application/Query/Character/ListCharacters/ListCharactersQuery.php">
      <class name="Whalar\Core\Application\Query\Character\ListCharacters\ListCharactersQuery" namespace="global">
        <metrics complexity="1" methods="1" coveredmethods="1" conditionals="0" coveredconditionals="0" statements="1" coveredstatements="1" elements="2" coveredelements="2"/>
      </class>
      <line num="11" type="method" name="__construct" visibility="public" complexity="1" crap="1" count="2"/>
      <line num="17" type="stmt" count="2"/>
      <metrics loc="19" ncloc="19" classes="1" methods="1" coveredmethods="1" conditionals="0" coveredconditionals="0" statements="1" coveredstatements="1" elements="2" coveredelements="2"/>
    </file>
    <file name="/var/www/html/src/Core/Application/Query/Character/ListCharacters/ListCharactersQueryHandler.php">
      <class name="Whalar\Core\Application\Query\Character\ListCharacters\ListCharactersQueryHandler" namespace="global">
        <metrics complexity="4" methods="3" coveredmethods="3" conditionals="0" coveredconditionals="0" statements="17" coveredstatements="17" elements="20" coveredelements="20"/>
      </class>
      <line num="17" type="method" name="__construct" visibility="public" complexity="1" crap="1" count="2"/>
      <line num="19" type="stmt" count="2"/>
      <line num="22" type="method" name="__invoke" visibility="public" complexity="1" crap="1" count="2"/>
      <line num="24" type="stmt" count="2"/>
      <line num="25" type="stmt" count="2"/>
      <line num="27" type="stmt" count="2"/>
      <line num="28" type="stmt" count="2"/>
      <line num="29" type="stmt" count="2"/>
      <line num="30" type="stmt" count="2"/>
      <line num="31" type="stmt" count="2"/>
      <line num="32" type="stmt" count="2"/>
      <line num="34" type="stmt" count="2"/>
      <line num="37" type="method" name="filter" visibility="private" complexity="2" crap="2" count="2"/>
      <line num="39" type="stmt" count="2"/>
      <line num="40" type="stmt" count="1"/>
      <line num="41" type="stmt" count="1"/>
      <line num="42" type="stmt" count="1"/>
      <line num="43" type="stmt" count="1"/>
      <line num="44" type="stmt" count="1"/>
      <line num="47" type="stmt" count="1"/>
      <metrics loc="50" ncloc="49" classes="1" methods="3" coveredmethods="3" conditionals="0" coveredconditionals="0" statements="17" coveredstatements="17" elements="20" coveredelements="20"/>
    </file>
    <file name="/var/www/html/src/Core/Application/Query/Character/ListCharacters/ListCharactersResponse.php">
      <class name="Whalar\Core\Application\Query\Character\ListCharacters\ListCharactersResponse" namespace="global">
        <metrics complexity="4" methods="2" coveredmethods="2" conditionals="0" coveredconditionals="0" statements="12" coveredstatements="12" elements="14" coveredelements="14"/>
      </class>
      <line num="12" type="method" name="jsonSerialize" visibility="public" complexity="1" crap="1" count="2"/>
      <line num="14" type="stmt" count="2"/>
      <line num="15" type="stmt" count="2"/>
      <line num="16" type="stmt" count="2"/>
      <line num="17" type="stmt" count="2"/>
      <line num="21" type="method" name="transform" visibility="private" complexity="3" crap="3" count="2"/>
      <line num="23" type="stmt" count="2"/>
      <line num="25" type="stmt" count="2"/>
      <line num="26" type="stmt" count="2"/>
      <line num="28" type="stmt" count="2"/>
      <line num="29" type="stmt" count="2"/>
      <line num="30" type="stmt" count="2"/>
      <line num="33" type="stmt" count="2"/>
      <line num="36" type="stmt" count="2"/>
      <metrics loc="39" ncloc="38" classes="1" methods="2" coveredmethods="2" conditionals="0" coveredconditionals="0" statements="12" coveredstatements="12" elements="14" coveredelements="14"/>
    </file>
    <file name="/var/www/html/src/Core/Application/Query/Character/RetrieveCharacter/RetrieveCharacterQuery.php">
      <class name="Whalar\Core\Application\Query\Character\RetrieveCharacter\RetrieveCharacterQuery" namespace="global">
        <metrics complexity="1" methods="1" coveredmethods="1" conditionals="0" coveredconditionals="0" statements="1" coveredstatements="1" elements="2" coveredelements="2"/>
      </class>
      <line num="11" type="method" name="__construct" visibility="public" complexity="1" crap="1" count="2"/>
      <line num="13" type="stmt" count="2"/>
      <metrics loc="15" ncloc="15" classes="1" methods="1" coveredmethods="1" conditionals="0" coveredconditionals="0" statements="1" coveredstatements="1" elements="2" coveredelements="2"/>
    </file>
    <file name="/var/www/html/src/Core/Application/Query/Character/RetrieveCharacter/RetrieveCharacterQueryHandler.php">
      <class name="Whalar\Core\Application\Query\Character\RetrieveCharacter\RetrieveCharacterQueryHandler" namespace="global">
        <metrics complexity="2" methods="2" coveredmethods="2" conditionals="0" coveredconditionals="0" statements="4" coveredstatements="4" elements="6" coveredelements="6"/>
      </class>
      <line num="13" type="method" name="__construct" visibility="public" complexity="1" crap="1" count="2"/>
      <line num="15" type="stmt" count="2"/>
      <line num="18" type="method" name="__invoke" visibility="public" complexity="1" crap="1" count="2"/>
      <line num="20" type="stmt" count="2"/>
      <line num="21" type="stmt" count="2"/>
      <line num="22" type="stmt" count="2"/>
      <metrics loc="25" ncloc="24" classes="1" methods="2" coveredmethods="2" conditionals="0" coveredconditionals="0" statements="4" coveredstatements="4" elements="6" coveredelements="6"/>
    </file>
    <file name="/var/www/html/src/Core/Application/Query/Character/RetrieveCharacter/RetrieveCharacterResponse.php">
      <class name="Whalar\Core\Application\Query\Character\RetrieveCharacter\RetrieveCharacterResponse" namespace="global">
        <metrics complexity="3" methods="3" coveredmethods="3" conditionals="0" coveredconditionals="0" statements="3" coveredstatements="3" elements="6" coveredelements="6"/>
      </class>
      <line num="11" type="method" name="__construct" visibility="private" complexity="1" crap="1" count="1"/>
      <line num="13" type="stmt" count="1"/>
      <line num="15" type="method" name="write" visibility="public" complexity="1" crap="1" count="1"/>
      <line num="17" type="stmt" count="1"/>
      <line num="20" type="method" name="jsonSerialize" visibility="public" complexity="1" crap="1" count="1"/>
      <line num="22" type="stmt" count="1"/>
      <metrics loc="25" ncloc="25" classes="1" methods="3" coveredmethods="3" conditionals="0" coveredconditionals="0" statements="3" coveredstatements="3" elements="6" coveredelements="6"/>
    </file>
    <file name="/var/www/html/src/Core/Application/Query/House/ListHouses/ListHousesQuery.php">
      <class name="Whalar\Core\Application\Query\House\ListHouses\ListHousesQuery" namespace="global">
        <metrics complexity="1" methods="1" coveredmethods="1" conditionals="0" coveredconditionals="0" statements="1" coveredstatements="1" elements="2" coveredelements="2"/>
      </class>
      <line num="11" type="method" name="__construct" visibility="public" complexity="1" crap="1" count="1"/>
      <line num="13" type="stmt" count="1"/>
      <metrics loc="15" ncloc="15" classes="1" methods="1" coveredmethods="1" conditionals="0" coveredconditionals="0" statements="1" coveredstatements="1" elements="2" coveredelements="2"/>
    </file>
    <file name="/var/www/html/src/Core/Application/Query/House/ListHouses/ListHousesQueryHandler.php">
      <class name="Whalar\Core\Application\Query\House\ListHouses\ListHousesQueryHandler" namespace="global">
        <metrics complexity="2" methods="2" coveredmethods="2" conditionals="0" coveredconditionals="0" statements="9" coveredstatements="9" elements="11" coveredelements="11"/>
      </class>
      <line num="15" type="method" name="__construct" visibility="public" complexity="1" crap="1" count="1"/>
      <line num="17" type="stmt" count="1"/>
      <line num="20" type="method" name="__invoke" visibility="public" complexity="1" crap="1" count="1"/>
      <line num="22" type="stmt" count="1"/>
      <line num="23" type="stmt" count="1"/>
      <line num="25" type="stmt" count="1"/>
      <line num="26" type="stmt" count="1"/>
      <line num="27" type="stmt" count="1"/>
      <line num="28" type="stmt" count="1"/>
      <line num="29" type="stmt" count="1"/>
      <line num="31" type="stmt" count="1"/>
      <metrics loc="34" ncloc="33" classes="1" methods="2" coveredmethods="2" conditionals="0" coveredconditionals="0" statements="9" coveredstatements="9" elements="11" coveredelements="11"/>
    </file>
    <file name="/var/www/html/src/Core/Application/Query/House/ListHouses/ListHousesResponse.php">
      <class name="Whalar\Core\Application\Query\House\ListHouses\ListHousesResponse" namespace="global">
        <metrics complexity="1" methods="1" coveredmethods="1" conditionals="0" coveredconditionals="0" statements="4" coveredstatements="4" elements="5" coveredelements="5"/>
      </class>
      <line num="11" type="method" name="jsonSerialize" visibility="public" complexity="1" crap="1" count="1"/>
      <line num="13" type="stmt" count="1"/>
      <line num="14" type="stmt" count="1"/>
      <line num="15" type="stmt" count="1"/>
      <line num="16" type="stmt" count="1"/>
      <metrics loc="19" ncloc="19" classes="1" methods="1" coveredmethods="1" conditionals="0" coveredconditionals="0" statements="4" coveredstatements="4" elements="5" coveredelements="5"/>
    </file>
    <file name="/var/www/html/src/Core/Domain/Actor/Aggregate/Actor.php">
      <class name="Whalar\Core\Domain\Actor\Aggregate\Actor" namespace="global">
        <metrics complexity="9" methods="9" coveredmethods="9" conditionals="0" coveredconditionals="0" statements="21" coveredstatements="21" elements="30" coveredelements="30"/>
      </class>
      <line num="27" type="method" name="__construct" visibility="private" complexity="1" crap="1" count="13"/>
      <line num="34" type="stmt" count="13"/>
      <line num="37" type="method" name="create" visibility="public" complexity="1" crap="1" count="13"/>
      <line num="44" type="stmt" count="13"/>
      <line num="46" type="stmt" count="13"/>
      <line num="47" type="stmt" count="13"/>
      <line num="48" type="stmt" count="13"/>
      <line num="49" type="stmt" count="13"/>
      <line num="50" type="stmt" count="13"/>
      <line num="51" type="stmt" count="13"/>
      <line num="52" type="stmt" count="13"/>
      <line num="54" type="stmt" count="13"/>
      <line num="57" type="method" name="id" visibility="public" complexity="1" crap="1" count="10"/>
      <line num="59" type="stmt" count="10"/>
      <line num="62" type="method" name="internalId" visibility="public" complexity="1" crap="1" count="10"/>
      <line num="64" type="stmt" count="10"/>
      <line num="67" type="method" name="name" visibility="public" complexity="1" crap="1" count="5"/>
      <line num="69" type="stmt" count="5"/>
      <line num="72" type="method" name="seasonsActive" visibility="public" complexity="1" crap="1" count="3"/>
      <line num="74" type="stmt" count="3"/>
      <line num="77" type="method" name="character" visibility="public" complexity="1" crap="1" count="6"/>
      <line num="79" type="stmt" count="6"/>
      <line num="82" type="method" name="assignCharacter" visibility="public" complexity="1" crap="1" count="5"/>
      <line num="84" type="stmt" count="5"/>
      <line num="87" type="method" name="jsonSerialize" visibility="public" complexity="1" crap="1" count="3"/>
      <line num="89" type="stmt" count="3"/>
      <line num="90" type="stmt" count="3"/>
      <line num="91" type="stmt" count="3"/>
      <line num="92" type="stmt" count="3"/>
      <line num="93" type="stmt" count="3"/>
      <metrics loc="96" ncloc="95" classes="1" methods="9" coveredmethods="9" conditionals="0" coveredconditionals="0" statements="21" coveredstatements="21" elements="30" coveredelements="30"/>
    </file>
    <file name="/var/www/html/src/Core/Domain/Actor/Event/ActorWasCreated.php">
      <class name="Whalar\Core\Domain\Actor\Event\ActorWasCreated" namespace="global">
        <metrics complexity="7" methods="7" coveredmethods="7" conditionals="0" coveredconditionals="0" statements="26" coveredstatements="26" elements="33" coveredelements="33"/>
      </class>
      <line num="21" type="method" name="from" visibility="public" complexity="1" crap="1" count="13"/>
      <line num="23" type="stmt" count="13"/>
      <line num="25" type="stmt" count="13"/>
      <line num="26" type="stmt" count="13"/>
      <line num="27" type="stmt" count="13"/>
      <line num="28" type="stmt" count="13"/>
      <line num="29" type="stmt" count="13"/>
      <line num="30" type="stmt" count="13"/>
      <line num="31" type="stmt" count="13"/>
      <line num="32" type="stmt" count="13"/>
      <line num="33" type="stmt" count="13"/>
      <line num="34" type="stmt" count="13"/>
      <line num="37" type="method" name="messageAggregateId" visibility="public" complexity="1" crap="1" count="1"/>
      <line num="39" type="stmt" count="1"/>
      <line num="42" type="method" name="messageAggregateName" visibility="public" complexity="1" crap="1" count="1"/>
      <line num="44" type="stmt" count="1"/>
      <line num="47" type="method" name="actorId" visibility="public" complexity="1" crap="1" count="1"/>
      <line num="49" type="stmt" count="1"/>
      <line num="52" type="method" name="name" visibility="public" complexity="1" crap="1" count="1"/>
      <line num="54" type="stmt" count="1"/>
      <line num="57" type="method" name="internalId" visibility="public" complexity="1" crap="1" count="1"/>
      <line num="59" type="stmt" count="1"/>
      <line num="62" type="method" name="setupPayload" visibility="protected" complexity="1" crap="1" count="13"/>
      <line num="64" type="stmt" count="13"/>
      <line num="66" type="stmt" count="13"/>
      <line num="67" type="stmt" count="13"/>
      <line num="68" type="stmt" count="13"/>
      <line num="70" type="stmt" count="13"/>
      <line num="71" type="stmt" count="13"/>
      <line num="72" type="stmt" count="13"/>
      <line num="74" type="stmt" count="13"/>
      <line num="75" type="stmt" count="13"/>
      <line num="76" type="stmt" count="13"/>
      <metrics loc="79" ncloc="79" classes="1" methods="7" coveredmethods="7" conditionals="0" coveredconditionals="0" statements="26" coveredstatements="26" elements="33" coveredelements="33"/>
    </file>
    <file name="/var/www/html/src/Core/Domain/Actor/Exception/ActorAlreadyExistsException.php">
      <class name="Whalar\Core\Domain\Actor\Exception\ActorAlreadyExistsException" namespace="global">
        <metrics complexity="1" methods="1" coveredmethods="1" conditionals="0" coveredconditionals="0" statements="6" coveredstatements="6" elements="7" coveredelements="7"/>
      </class>
      <line num="12" type="method" name="from" visibility="public" complexity="1" crap="1" count="3"/>
      <line num="14" type="stmt" count="3"/>
      <line num="15" type="stmt" count="3"/>
      <line num="16" type="stmt" count="3"/>
      <line num="17" type="stmt" count="3"/>
      <line num="18" type="stmt" count="3"/>
      <line num="19" type="stmt" count="3"/>
      <metrics loc="22" ncloc="21" classes="1" methods="1" coveredmethods="1" conditionals="0" coveredconditionals="0" statements="6" coveredstatements="6" elements="7" coveredelements="7"/>
    </file>
    <file name="/var/www/html/src/Core/Domain/Actor/Exception/ActorAlreadyHasCharacterException.php">
      <class name="Whalar\Core\Domain\Actor\Exception\ActorAlreadyHasCharacterException" namespace="global">
        <metrics complexity="1" methods="1" coveredmethods="1" conditionals="0" coveredconditionals="0" statements="1" coveredstatements="1" elements="2" coveredelements="2"/>
      </class>
      <line num="12" type="method" name="from" visibility="public" complexity="1" crap="1" count="1"/>
      <line num="14" type="stmt" count="1"/>
      <metrics loc="17" ncloc="16" classes="1" methods="1" coveredmethods="1" conditionals="0" coveredconditionals="0" statements="1" coveredstatements="1" elements="2" coveredelements="2"/>
    </file>
    <file name="/var/www/html/src/Core/Domain/Actor/Exception/ActorNotFoundException.php">
      <class name="Whalar\Core\Domain\Actor\Exception\ActorNotFoundException" namespace="global">
        <metrics complexity="1" methods="1" coveredmethods="1" conditionals="0" coveredconditionals="0" statements="6" coveredstatements="6" elements="7" coveredelements="7"/>
      </class>
      <line num="12" type="method" name="from" visibility="public" complexity="1" crap="1" count="1"/>
      <line num="14" type="stmt" count="1"/>
      <line num="15" type="stmt" count="1"/>
      <line num="16" type="stmt" count="1"/>
      <line num="17" type="stmt" count="1"/>
      <line num="18" type="stmt" count="1"/>
      <line num="19" type="stmt" count="1"/>
      <metrics loc="22" ncloc="21" classes="1" methods="1" coveredmethods="1" conditionals="0" coveredconditionals="0" statements="6" coveredstatements="6" elements="7" coveredelements="7"/>
    </file>
    <file name="/var/www/html/src/Core/Domain/Actor/Repository/ActorRepository.php">
      <metrics loc="22" ncloc="22" classes="0" methods="0" coveredmethods="0" conditionals="0" coveredconditionals="0" statements="0" coveredstatements="0" elements="0" coveredelements="0"/>
    </file>
    <file name="/var/www/html/src/Core/Domain/Actor/Service/ActorCreator.php">
      <class name="Whalar\Core\Domain\Actor\Service\ActorCreator" namespace="global">
        <metrics complexity="6" methods="3" coveredmethods="3" conditionals="0" coveredconditionals="0" statements="7" coveredstatements="7" elements="10" coveredelements="10"/>
      </class>
      <line num="17" type="method" name="__construct" visibility="public" complexity="1" crap="1" count="4"/>
      <line num="19" type="stmt" count="4"/>
      <line num="22" type="method" name="execute" visibility="public" complexity="1" crap="1" count="4"/>
      <line num="24" type="stmt" count="4"/>
      <line num="26" type="stmt" count="4"/>
      <line num="30" type="method" name="ensureActorNotExists" visibility="private" complexity="4" crap="4" count="4"/>
      <line num="33" type="stmt" count="4"/>
      <line num="34" type="stmt" count="4"/>
      <line num="35" type="stmt" count="4"/>
      <line num="37" type="stmt" count="3"/>
      <metrics loc="41" ncloc="39" classes="1" methods="3" coveredmethods="3" conditionals="0" coveredconditionals="0" statements="7" coveredstatements="7" elements="10" coveredelements="10"/>
    </file>
    <file name="/var/www/html/src/Core/Domain/Actor/Service/ActorFinder.php">
      <class name="Whalar\Core\Domain\Actor\Service\ActorFinder" namespace="global">
        <metrics complexity="3" methods="2" coveredmethods="2" conditionals="0" coveredconditionals="0" statements="5" coveredstatements="5" elements="7" coveredelements="7"/>
      </class>
      <line num="14" type="method" name="__construct" visibility="public" complexity="1" crap="1" count="8"/>
      <line num="16" type="stmt" count="8"/>
      <line num="19" type="method" name="ofActorIdOrFail" visibility="public" complexity="2" crap="2" count="7"/>
      <line num="21" type="stmt" count="7"/>
      <line num="23" type="stmt" count="7"/>
      <line num="24" type="stmt" count="1"/>
      <line num="27" type="stmt" count="6"/>
      <metrics loc="30" ncloc="29" classes="1" methods="2" coveredmethods="2" conditionals="0" coveredconditionals="0" statements="5" coveredstatements="5" elements="7" coveredelements="7"/>
    </file>
    <file name="/var/www/html/src/Core/Domain/Actor/ValueObject/ActorId.php">
      <class name="Whalar\Core\Domain\Actor\ValueObject\ActorId" namespace="global">
        <metrics complexity="8" methods="8" coveredmethods="8" conditionals="0" coveredconditionals="0" statements="12" coveredstatements="12" elements="20" coveredelements="20"/>
      </class>
      <line num="15" type="method" name="__construct" visibility="private" complexity="1" crap="1" count="14"/>
      <line num="17" type="stmt" count="14"/>
      <line num="21" type="method" name="from" visibility="public" complexity="1" crap="1" count="14"/>
      <line num="23" type="stmt" count="14"/>
      <line num="26" type="method" name="value" visibility="public" complexity="1" crap="1" count="14"/>
      <line num="28" type="stmt" count="14"/>
      <line num="31" type="method" name="equalsTo" visibility="public" complexity="1" crap="1" count="7"/>
      <line num="33" type="stmt" count="7"/>
      <line num="36" type="method" name="jsonSerialize" visibility="public" complexity="1" crap="1" count="1"/>
      <line num="38" type="stmt" count="1"/>
      <line num="41" type="method" name="__toString" visibility="public" complexity="1" crap="1" count="1"/>
      <line num="43" type="stmt" count="1"/>
      <line num="46" type="method" name="link" visibility="public" complexity="1" crap="1" count="3"/>
      <line num="48" type="stmt" count="3"/>
      <line num="52" type="method" name="setValue" visibility="private" complexity="1" crap="1" count="14"/>
      <line num="54" type="stmt" count="14"/>
      <line num="55" type="stmt" count="14"/>
      <line num="56" type="stmt" count="14"/>
      <line num="57" type="stmt" count="14"/>
      <line num="59" type="stmt" count="14"/>
      <metrics loc="62" ncloc="59" classes="1" methods="8" coveredmethods="8" conditionals="0" coveredconditionals="0" statements="12" coveredstatements="12" elements="20" coveredelements="20"/>
    </file>
    <file name="/var/www/html/src/Core/Domain/Actor/ValueObject/ActorsCollection.php">
      <class name="Whalar\Core\Domain\Actor\ValueObject\ActorsCollection" namespace="global">
        <metrics complexity="7" methods="6" coveredmethods="6" conditionals="0" coveredconditionals="0" statements="15" coveredstatements="15" elements="21" coveredelements="21"/>
      </class>
      <line num="19" type="method" name="__construct" visibility="private" complexity="1" crap="1" count="9"/>
      <line num="21" type="stmt" count="9"/>
      <line num="25" type="method" name="from" visibility="public" complexity="1" crap="1" count="9"/>
      <line num="27" type="stmt" count="9"/>
      <line num="31" type="method" name="collection" visibility="public" complexity="1" crap="1" count="8"/>
      <line num="33" type="stmt" count="8"/>
      <line num="37" type="method" name="setCollection" visibility="private" complexity="1" crap="1" count="9"/>
      <line num="39" type="stmt" count="9"/>
      <line num="40" type="stmt" count="9"/>
      <line num="41" type="stmt" count="9"/>
      <line num="42" type="stmt" count="9"/>
      <line num="43" type="stmt" count="9"/>
      <line num="46" type="method" name="uniqueElementsExtractor" visibility="private" complexity="2" crap="2" count="9"/>
      <line num="48" type="stmt" count="9"/>
      <line num="49" type="stmt" count="9"/>
      <line num="51" type="stmt" count="9"/>
      <line num="52" type="stmt" count="9"/>
      <line num="55" type="stmt" count="9"/>
      <line num="56" type="stmt" count="9"/>
      <line num="59" type="method" name="elementPredicate" visibility="private" complexity="1" crap="1" count="9"/>
      <line num="61" type="stmt" count="9"/>
      <metrics loc="64" ncloc="59" classes="1" methods="6" coveredmethods="6" conditionals="0" coveredconditionals="0" statements="15" coveredstatements="15" elements="21" coveredelements="21"/>
    </file>
    <file name="/var/www/html/src/Core/Domain/Actor/ValueObject/SeasonsActive.php">
      <class name="Whalar\Core\Domain\Actor\ValueObject\SeasonsActive" namespace="global">
        <metrics complexity="4" methods="4" coveredmethods="4" conditionals="0" coveredconditionals="0" statements="6" coveredstatements="6" elements="10" coveredelements="10"/>
      </class>
      <line num="11" type="method" name="__construct" visibility="private" complexity="1" crap="1" count="1"/>
      <line num="13" type="stmt" count="1"/>
      <line num="15" type="method" name="fromArray" visibility="public" complexity="1" crap="1" count="1"/>
      <line num="17" type="stmt" count="1"/>
      <line num="18" type="stmt" count="1"/>
      <line num="20" type="stmt" count="1"/>
      <line num="23" type="method" name="value" visibility="public" complexity="1" crap="1" count="1"/>
      <line num="25" type="stmt" count="1"/>
      <line num="28" type="method" name="toArray" visibility="public" complexity="1" crap="1" count="1"/>
      <line num="30" type="stmt" count="1"/>
      <metrics loc="33" ncloc="33" classes="1" methods="4" coveredmethods="4" conditionals="0" coveredconditionals="0" statements="6" coveredstatements="6" elements="10" coveredelements="10"/>
    </file>
    <file name="/var/www/html/src/Core/Domain/Character/Aggregate/Character.php">
      <class name="Whalar\Core\Domain\Character\Aggregate\Character" namespace="global">
        <metrics complexity="16" methods="13" coveredmethods="13" conditionals="0" coveredconditionals="0" statements="43" coveredstatements="43" elements="56" coveredelements="56"/>
      </class>
      <line num="28" type="method" name="__construct" visibility="private" complexity="1" crap="1" count="8"/>
      <line num="39" type="stmt" count="8"/>
      <line num="43" type="method" name="create" visibility="public" complexity="2" crap="2" count="8"/>
      <line num="55" type="stmt" count="8"/>
      <line num="56" type="stmt" count="8"/>
      <line num="57" type="stmt" count="8"/>
      <line num="58" type="stmt" count="8"/>
      <line num="59" type="stmt" count="8"/>
      <line num="60" type="stmt" count="8"/>
      <line num="61" type="stmt" count="8"/>
      <line num="62" type="stmt" count="8"/>
      <line num="63" type="stmt" count="8"/>
      <line num="64" type="stmt" count="8"/>
      <line num="65" type="stmt" count="8"/>
      <line num="67" type="stmt" count="8"/>
      <line num="68" type="stmt" count="8"/>
      <line num="71" type="stmt" count="8"/>
      <line num="72" type="stmt" count="8"/>
      <line num="73" type="stmt" count="8"/>
      <line num="74" type="stmt" count="8"/>
      <line num="75" type="stmt" count="8"/>
      <line num="76" type="stmt" count="8"/>
      <line num="77" type="stmt" count="8"/>
      <line num="79" type="stmt" count="8"/>
      <line num="82" type="method" name="id" visibility="public" complexity="1" crap="1" count="8"/>
      <line num="84" type="stmt" count="8"/>
      <line num="87" type="method" name="internalId" visibility="public" complexity="1" crap="1" count="6"/>
      <line num="89" type="stmt" count="6"/>
      <line num="92" type="method" name="name" visibility="public" complexity="1" crap="1" count="6"/>
      <line num="94" type="stmt" count="6"/>
      <line num="97" type="method" name="royal" visibility="public" complexity="1" crap="1" count="4"/>
      <line num="99" type="stmt" count="4"/>
      <line num="102" type="method" name="kingsGuard" visibility="public" complexity="1" crap="1" count="5"/>
      <line num="104" type="stmt" count="5"/>
      <line num="107" type="method" name="house" visibility="public" complexity="1" crap="1" count="5"/>
      <line num="109" type="stmt" count="5"/>
      <line num="112" type="method" name="nickname" visibility="public" complexity="1" crap="1" count="4"/>
      <line num="114" type="stmt" count="4"/>
      <line num="117" type="method" name="imageThumb" visibility="public" complexity="1" crap="1" count="4"/>
      <line num="119" type="stmt" count="4"/>
      <line num="122" type="method" name="imageFull" visibility="public" complexity="1" crap="1" count="4"/>
      <line num="124" type="stmt" count="4"/>
      <line num="128" type="method" name="actors" visibility="public" complexity="1" crap="1" count="8"/>
      <line num="130" type="stmt" count="8"/>
      <line num="133" type="method" name="jsonSerialize" visibility="public" complexity="3" crap="3" count="3"/>
      <line num="135" type="stmt" count="3"/>
      <line num="136" type="stmt" count="3"/>
      <line num="137" type="stmt" count="3"/>
      <line num="138" type="stmt" count="3"/>
      <line num="139" type="stmt" count="3"/>
      <line num="140" type="stmt" count="3"/>
      <line num="141" type="stmt" count="3"/>
      <line num="142" type="stmt" count="3"/>
      <line num="143" type="stmt" count="3"/>
      <line num="144" type="stmt" count="3"/>
      <line num="145" type="stmt" count="3"/>
      <metrics loc="148" ncloc="145" classes="1" methods="13" coveredmethods="13" conditionals="0" coveredconditionals="0" statements="43" coveredstatements="43" elements="56" coveredelements="56"/>
    </file>
    <file name="/var/www/html/src/Core/Domain/Character/Event/CharacterWasCreated.php">
      <class name="Whalar\Core\Domain\Character\Event\CharacterWasCreated" namespace="global">
        <metrics complexity="7" methods="7" coveredmethods="7" conditionals="0" coveredconditionals="0" statements="26" coveredstatements="26" elements="33" coveredelements="33"/>
      </class>
      <line num="21" type="method" name="from" visibility="public" complexity="1" crap="1" count="8"/>
      <line num="23" type="stmt" count="8"/>
      <line num="25" type="stmt" count="8"/>
      <line num="26" type="stmt" count="8"/>
      <line num="27" type="stmt" count="8"/>
      <line num="28" type="stmt" count="8"/>
      <line num="29" type="stmt" count="8"/>
      <line num="30" type="stmt" count="8"/>
      <line num="31" type="stmt" count="8"/>
      <line num="32" type="stmt" count="8"/>
      <line num="33" type="stmt" count="8"/>
      <line num="34" type="stmt" count="8"/>
      <line num="37" type="method" name="messageAggregateId" visibility="public" complexity="1" crap="1" count="1"/>
      <line num="39" type="stmt" count="1"/>
      <line num="42" type="method" name="messageAggregateName" visibility="public" complexity="1" crap="1" count="1"/>
      <line num="44" type="stmt" count="1"/>
      <line num="47" type="method" name="characterId" visibility="public" complexity="1" crap="1" count="1"/>
      <line num="49" type="stmt" count="1"/>
      <line num="52" type="method" name="name" visibility="public" complexity="1" crap="1" count="1"/>
      <line num="54" type="stmt" count="1"/>
      <line num="57" type="method" name="internalId" visibility="public" complexity="1" crap="1" count="1"/>
      <line num="59" type="stmt" count="1"/>
      <line num="62" type="method" name="setupPayload" visibility="protected" complexity="1" crap="1" count="8"/>
      <line num="64" type="stmt" count="8"/>
      <line num="66" type="stmt" count="8"/>
      <line num="67" type="stmt" count="8"/>
      <line num="68" type="stmt" count="8"/>
      <line num="70" type="stmt" count="8"/>
      <line num="71" type="stmt" count="8"/>
      <line num="72" type="stmt" count="8"/>
      <line num="74" type="stmt" count="8"/>
      <line num="75" type="stmt" count="8"/>
      <line num="76" type="stmt" count="8"/>
      <metrics loc="79" ncloc="79" classes="1" methods="7" coveredmethods="7" conditionals="0" coveredconditionals="0" statements="26" coveredstatements="26" elements="33" coveredelements="33"/>
    </file>
    <file name="/var/www/html/src/Core/Domain/Character/Exception/CharacterAlreadyExistsException.php">
      <class name="Whalar\Core\Domain\Character\Exception\CharacterAlreadyExistsException" namespace="global">
        <metrics complexity="1" methods="1" coveredmethods="1" conditionals="0" coveredconditionals="0" statements="6" coveredstatements="6" elements="7" coveredelements="7"/>
      </class>
      <line num="12" type="method" name="from" visibility="public" complexity="1" crap="1" count="2"/>
      <line num="14" type="stmt" count="2"/>
      <line num="15" type="stmt" count="2"/>
      <line num="16" type="stmt" count="2"/>
      <line num="17" type="stmt" count="2"/>
      <line num="18" type="stmt" count="2"/>
      <line num="19" type="stmt" count="2"/>
      <metrics loc="22" ncloc="21" classes="1" methods="1" coveredmethods="1" conditionals="0" coveredconditionals="0" statements="6" coveredstatements="6" elements="7" coveredelements="7"/>
    </file>
    <file name="/var/www/html/src/Core/Domain/Character/Exception/CharacterMustHaveActorException.php">
      <class name="Whalar\Core\Domain\Character\Exception\CharacterMustHaveActorException" namespace="global">
        <metrics complexity="1" methods="1" coveredmethods="1" conditionals="0" coveredconditionals="0" statements="1" coveredstatements="1" elements="2" coveredelements="2"/>
      </class>
      <line num="12" type="method" name="from" visibility="public" complexity="1" crap="1" count="1"/>
      <line num="14" type="stmt" count="1"/>
      <metrics loc="17" ncloc="16" classes="1" methods="1" coveredmethods="1" conditionals="0" coveredconditionals="0" statements="1" coveredstatements="1" elements="2" coveredelements="2"/>
    </file>
    <file name="/var/www/html/src/Core/Domain/Character/Exception/CharacterNotFoundException.php">
      <class name="Whalar\Core\Domain\Character\Exception\CharacterNotFoundException" namespace="global">
        <metrics complexity="1" methods="1" coveredmethods="1" conditionals="0" coveredconditionals="0" statements="6" coveredstatements="6" elements="7" coveredelements="7"/>
      </class>
      <line num="12" type="method" name="from" visibility="public" complexity="1" crap="1" count="1"/>
      <line num="14" type="stmt" count="1"/>
      <line num="15" type="stmt" count="1"/>
      <line num="16" type="stmt" count="1"/>
      <line num="17" type="stmt" count="1"/>
      <line num="18" type="stmt" count="1"/>
      <line num="19" type="stmt" count="1"/>
      <metrics loc="22" ncloc="21" classes="1" methods="1" coveredmethods="1" conditionals="0" coveredconditionals="0" statements="6" coveredstatements="6" elements="7" coveredelements="7"/>
    </file>
    <file name="/var/www/html/src/Core/Domain/Character/Repository/CharacterRepository.php">
      <metrics loc="30" ncloc="30" classes="0" methods="0" coveredmethods="0" conditionals="0" coveredconditionals="0" statements="0" coveredstatements="0" elements="0" coveredelements="0"/>
    </file>
    <file name="/var/www/html/src/Core/Domain/Character/Service/CharacterCreator.php">
      <class name="Whalar\Core\Domain\Character\Service\CharacterCreator" namespace="global">
        <metrics complexity="6" methods="3" coveredmethods="3" conditionals="0" coveredconditionals="0" statements="20" coveredstatements="20" elements="23" coveredelements="23"/>
      </class>
      <line num="22" type="method" name="__construct" visibility="public" complexity="1" crap="1" count="8"/>
      <line num="24" type="stmt" count="8"/>
      <line num="27" type="method" name="execute" visibility="public" complexity="2" crap="2" count="5"/>
      <line num="39" type="stmt" count="5"/>
      <line num="41" type="stmt" count="5"/>
      <line num="42" type="stmt" count="5"/>
      <line num="43" type="stmt" count="5"/>
      <line num="44" type="stmt" count="5"/>
      <line num="45" type="stmt" count="5"/>
      <line num="46" type="stmt" count="5"/>
      <line num="47" type="stmt" count="5"/>
      <line num="48" type="stmt" count="5"/>
      <line num="49" type="stmt" count="5"/>
      <line num="50" type="stmt" count="5"/>
      <line num="51" type="stmt" count="5"/>
      <line num="52" type="stmt" count="5"/>
      <line num="54" type="stmt" count="5"/>
      <line num="56" type="stmt" count="5"/>
      <line num="57" type="stmt" count="5"/>
      <line num="58" type="stmt" count="5"/>
      <line num="63" type="method" name="ensureCharacterNotExists" visibility="private" complexity="3" crap="3" count="5"/>
      <line num="65" type="stmt" count="5"/>
      <line num="66" type="stmt" count="2"/>
      <metrics loc="70" ncloc="68" classes="1" methods="3" coveredmethods="3" conditionals="0" coveredconditionals="0" statements="20" coveredstatements="20" elements="23" coveredelements="23"/>
    </file>
    <file name="/var/www/html/src/Core/Domain/Character/Service/CharacterFinder.php">
      <class name="Whalar\Core\Domain\Character\Service\CharacterFinder" namespace="global">
        <metrics complexity="3" methods="2" coveredmethods="2" conditionals="0" coveredconditionals="0" statements="5" coveredstatements="5" elements="7" coveredelements="7"/>
      </class>
      <line num="14" type="method" name="__construct" visibility="public" complexity="1" crap="1" count="2"/>
      <line num="16" type="stmt" count="2"/>
      <line num="19" type="method" name="ofCharacterIdOrFail" visibility="public" complexity="2" crap="2" count="2"/>
      <line num="21" type="stmt" count="2"/>
      <line num="23" type="stmt" count="2"/>
      <line num="24" type="stmt" count="1"/>
      <line num="27" type="stmt" count="1"/>
      <metrics loc="30" ncloc="29" classes="1" methods="2" coveredmethods="2" conditionals="0" coveredconditionals="0" statements="5" coveredstatements="5" elements="7" coveredelements="7"/>
    </file>
    <file name="/var/www/html/src/Core/Domain/Character/ValueObject/CharacterId.php">
      <class name="Whalar\Core\Domain\Character\ValueObject\CharacterId" namespace="global">
        <metrics complexity="8" methods="8" coveredmethods="8" conditionals="0" coveredconditionals="0" statements="12" coveredstatements="12" elements="20" coveredelements="20"/>
      </class>
      <line num="15" type="method" name="__construct" visibility="private" complexity="1" crap="1" count="12"/>
      <line num="17" type="stmt" count="12"/>
      <line num="21" type="method" name="from" visibility="public" complexity="1" crap="1" count="12"/>
      <line num="23" type="stmt" count="12"/>
      <line num="26" type="method" name="value" visibility="public" complexity="1" crap="1" count="9"/>
      <line num="28" type="stmt" count="9"/>
      <line num="31" type="method" name="equalsTo" visibility="public" complexity="1" crap="1" count="4"/>
      <line num="33" type="stmt" count="4"/>
      <line num="36" type="method" name="jsonSerialize" visibility="public" complexity="1" crap="1" count="1"/>
      <line num="38" type="stmt" count="1"/>
      <line num="41" type="method" name="__toString" visibility="public" complexity="1" crap="1" count="1"/>
      <line num="43" type="stmt" count="1"/>
      <line num="46" type="method" name="link" visibility="public" complexity="1" crap="1" count="3"/>
      <line num="48" type="stmt" count="3"/>
      <line num="52" type="method" name="setValue" visibility="private" complexity="1" crap="1" count="12"/>
      <line num="54" type="stmt" count="12"/>
      <line num="55" type="stmt" count="12"/>
      <line num="56" type="stmt" count="12"/>
      <line num="57" type="stmt" count="12"/>
      <line num="59" type="stmt" count="12"/>
      <metrics loc="62" ncloc="59" classes="1" methods="8" coveredmethods="8" conditionals="0" coveredconditionals="0" statements="12" coveredstatements="12" elements="20" coveredelements="20"/>
    </file>
    <file name="/var/www/html/src/Core/Domain/Character/ValueObject/CharacterKingsGuard.php">
      <class name="Whalar\Core\Domain\Character\ValueObject\CharacterKingsGuard" namespace="global">
        <metrics complexity="6" methods="5" coveredmethods="5" conditionals="0" coveredconditionals="0" statements="7" coveredstatements="7" elements="12" coveredelements="12"/>
      </class>
      <line num="11" type="method" name="__construct" visibility="private" complexity="1" crap="1" count="11"/>
      <line num="13" type="stmt" count="11"/>
      <line num="16" type="method" name="from" visibility="public" complexity="1" crap="1" count="11"/>
      <line num="18" type="stmt" count="11"/>
      <line num="21" type="method" name="value" visibility="public" complexity="1" crap="1" count="11"/>
      <line num="23" type="stmt" count="11"/>
      <line num="26" type="method" name="jsonSerialize" visibility="public" complexity="1" crap="1" count="1"/>
      <line num="28" type="stmt" count="1"/>
      <line num="31" type="method" name="__toString" visibility="public" complexity="2" crap="2" count="1"/>
      <line num="33" type="stmt" count="1"/>
      <line num="34" type="stmt" count="1"/>
      <line num="35" type="stmt" count="1"/>
      <metrics loc="38" ncloc="38" classes="1" methods="5" coveredmethods="5" conditionals="0" coveredconditionals="0" statements="7" coveredstatements="7" elements="12" coveredelements="12"/>
    </file>
    <file name="/var/www/html/src/Core/Domain/Character/ValueObject/CharacterRoyal.php">
      <class name="Whalar\Core\Domain\Character\ValueObject\CharacterRoyal" namespace="global">
        <metrics complexity="6" methods="5" coveredmethods="5" conditionals="0" coveredconditionals="0" statements="7" coveredstatements="7" elements="12" coveredelements="12"/>
      </class>
      <line num="11" type="method" name="__construct" visibility="private" complexity="1" crap="1" count="11"/>
      <line num="13" type="stmt" count="11"/>
      <line num="16" type="method" name="from" visibility="public" complexity="1" crap="1" count="11"/>
      <line num="18" type="stmt" count="11"/>
      <line num="21" type="method" name="value" visibility="public" complexity="1" crap="1" count="11"/>
      <line num="23" type="stmt" count="11"/>
      <line num="26" type="method" name="jsonSerialize" visibility="public" complexity="1" crap="1" count="1"/>
      <line num="28" type="stmt" count="1"/>
      <line num="31" type="method" name="__toString" visibility="public" complexity="2" crap="2" count="1"/>
      <line num="33" type="stmt" count="1"/>
      <line num="34" type="stmt" count="1"/>
      <line num="35" type="stmt" count="1"/>
      <metrics loc="38" ncloc="38" classes="1" methods="5" coveredmethods="5" conditionals="0" coveredconditionals="0" statements="7" coveredstatements="7" elements="12" coveredelements="12"/>
    </file>
    <file name="/var/www/html/src/Core/Domain/House/Aggregate/House.php">
      <class name="Whalar\Core\Domain\House\Aggregate\House" namespace="global">
        <metrics complexity="6" methods="6" coveredmethods="6" conditionals="0" coveredconditionals="0" statements="11" coveredstatements="11" elements="17" coveredelements="17"/>
      </class>
      <line num="30" type="method" name="__construct" visibility="private" complexity="1" crap="1" count="5"/>
      <line num="32" type="stmt" count="5"/>
      <line num="36" type="method" name="create" visibility="public" complexity="1" crap="1" count="5"/>
      <line num="38" type="stmt" count="5"/>
      <line num="40" type="stmt" count="5"/>
      <line num="42" type="stmt" count="5"/>
      <line num="45" type="method" name="id" visibility="public" complexity="1" crap="1" count="5"/>
      <line num="47" type="stmt" count="5"/>
      <line num="50" type="method" name="name" visibility="public" complexity="1" crap="1" count="3"/>
      <line num="52" type="stmt" count="3"/>
      <line num="56" type="method" name="characters" visibility="public" complexity="1" crap="1" count="1"/>
      <line num="58" type="stmt" count="1"/>
      <line num="61" type="method" name="jsonSerialize" visibility="public" complexity="1" crap="1" count="1"/>
      <line num="63" type="stmt" count="1"/>
      <line num="64" type="stmt" count="1"/>
      <line num="65" type="stmt" count="1"/>
      <line num="66" type="stmt" count="1"/>
      <metrics loc="69" ncloc="66" classes="1" methods="6" coveredmethods="6" conditionals="0" coveredconditionals="0" statements="11" coveredstatements="11" elements="17" coveredelements="17"/>
    </file>
    <file name="/var/www/html/src/Core/Domain/House/Event/HouseWasCreated.php">
      <class name="Whalar\Core\Domain\House\Event\HouseWasCreated" namespace="global">
        <metrics complexity="6" methods="6" coveredmethods="6" conditionals="0" coveredconditionals="0" statements="21" coveredstatements="21" elements="27" coveredelements="27"/>
      </class>
      <line num="20" type="method" name="from" visibility="public" complexity="1" crap="1" count="5"/>
      <line num="22" type="stmt" count="5"/>
      <line num="24" type="stmt" count="5"/>
      <line num="25" type="stmt" count="5"/>
      <line num="26" type="stmt" count="5"/>
      <line num="27" type="stmt" count="5"/>
      <line num="28" type="stmt" count="5"/>
      <line num="29" type="stmt" count="5"/>
      <line num="30" type="stmt" count="5"/>
      <line num="31" type="stmt" count="5"/>
      <line num="32" type="stmt" count="5"/>
      <line num="35" type="method" name="messageAggregateId" visibility="public" complexity="1" crap="1" count="1"/>
      <line num="37" type="stmt" count="1"/>
      <line num="40" type="method" name="messageAggregateName" visibility="public" complexity="1" crap="1" count="1"/>
      <line num="42" type="stmt" count="1"/>
      <line num="45" type="method" name="houseId" visibility="public" complexity="1" crap="1" count="1"/>
      <line num="47" type="stmt" count="1"/>
      <line num="50" type="method" name="name" visibility="public" complexity="1" crap="1" count="1"/>
      <line num="52" type="stmt" count="1"/>
      <line num="55" type="method" name="setupPayload" visibility="protected" complexity="1" crap="1" count="5"/>
      <line num="57" type="stmt" count="5"/>
      <line num="59" type="stmt" count="5"/>
      <line num="60" type="stmt" count="5"/>
      <line num="61" type="stmt" count="5"/>
      <line num="63" type="stmt" count="5"/>
      <line num="64" type="stmt" count="5"/>
      <line num="65" type="stmt" count="5"/>
      <metrics loc="68" ncloc="68" classes="1" methods="6" coveredmethods="6" conditionals="0" coveredconditionals="0" statements="21" coveredstatements="21" elements="27" coveredelements="27"/>
    </file>
    <file name="/var/www/html/src/Core/Domain/House/Exception/HouseAlreadyExistsException.php">
      <class name="Whalar\Core\Domain\House\Exception\HouseAlreadyExistsException" namespace="global">
        <metrics complexity="1" methods="1" coveredmethods="1" conditionals="0" coveredconditionals="0" statements="6" coveredstatements="6" elements="7" coveredelements="7"/>
      </class>
      <line num="12" type="method" name="from" visibility="public" complexity="1" crap="1" count="2"/>
      <line num="14" type="stmt" count="2"/>
      <line num="15" type="stmt" count="2"/>
      <line num="16" type="stmt" count="2"/>
      <line num="17" type="stmt" count="2"/>
      <line num="18" type="stmt" count="2"/>
      <line num="19" type="stmt" count="2"/>
      <metrics loc="22" ncloc="21" classes="1" methods="1" coveredmethods="1" conditionals="0" coveredconditionals="0" statements="6" coveredstatements="6" elements="7" coveredelements="7"/>
    </file>
    <file name="/var/www/html/src/Core/Domain/House/Exception/HouseNotFoundException.php">
      <class name="Whalar\Core\Domain\House\Exception\HouseNotFoundException" namespace="global">
        <metrics complexity="1" methods="1" coveredmethods="1" conditionals="0" coveredconditionals="0" statements="6" coveredstatements="6" elements="7" coveredelements="7"/>
      </class>
      <line num="12" type="method" name="from" visibility="public" complexity="1" crap="1" count="1"/>
      <line num="14" type="stmt" count="1"/>
      <line num="15" type="stmt" count="1"/>
      <line num="16" type="stmt" count="1"/>
      <line num="17" type="stmt" count="1"/>
      <line num="18" type="stmt" count="1"/>
      <line num="19" type="stmt" count="1"/>
      <metrics loc="22" ncloc="21" classes="1" methods="1" coveredmethods="1" conditionals="0" coveredconditionals="0" statements="6" coveredstatements="6" elements="7" coveredelements="7"/>
    </file>
    <file name="/var/www/html/src/Core/Domain/House/Repository/HouseRepository.php">
      <metrics loc="24" ncloc="24" classes="0" methods="0" coveredmethods="0" conditionals="0" coveredconditionals="0" statements="0" coveredstatements="0" elements="0" coveredelements="0"/>
    </file>
    <file name="/var/www/html/src/Core/Domain/House/Service/HouseCreator.php">
      <class name="Whalar\Core\Domain\House\Service\HouseCreator" namespace="global">
        <metrics complexity="5" methods="3" coveredmethods="3" conditionals="0" coveredconditionals="0" statements="5" coveredstatements="5" elements="8" coveredelements="8"/>
      </class>
      <line num="15" type="method" name="__construct" visibility="public" complexity="1" crap="1" count="3"/>
      <line num="17" type="stmt" count="3"/>
      <line num="20" type="method" name="execute" visibility="public" complexity="1" crap="1" count="3"/>
      <line num="22" type="stmt" count="3"/>
      <line num="24" type="stmt" count="3"/>
      <line num="28" type="method" name="ensureHouseNotExists" visibility="private" complexity="3" crap="3" count="3"/>
      <line num="30" type="stmt" count="3"/>
      <line num="31" type="stmt" count="2"/>
      <metrics loc="35" ncloc="33" classes="1" methods="3" coveredmethods="3" conditionals="0" coveredconditionals="0" statements="5" coveredstatements="5" elements="8" coveredelements="8"/>
    </file>
    <file name="/var/www/html/src/Core/Domain/House/Service/HouseFinder.php">
      <class name="Whalar\Core\Domain\House\Service\HouseFinder" namespace="global">
        <metrics complexity="3" methods="2" coveredmethods="2" conditionals="0" coveredconditionals="0" statements="5" coveredstatements="5" elements="7" coveredelements="7"/>
      </class>
      <line num="14" type="method" name="__construct" visibility="public" complexity="1" crap="1" count="8"/>
      <line num="16" type="stmt" count="8"/>
      <line num="19" type="method" name="ofIdOrFail" visibility="public" complexity="2" crap="2" count="2"/>
      <line num="21" type="stmt" count="2"/>
      <line num="23" type="stmt" count="2"/>
      <line num="24" type="stmt" count="1"/>
      <line num="27" type="stmt" count="1"/>
      <metrics loc="30" ncloc="29" classes="1" methods="2" coveredmethods="2" conditionals="0" coveredconditionals="0" statements="5" coveredstatements="5" elements="7" coveredelements="7"/>
    </file>
    <metrics files="44" loc="1750" ncloc="1705" classes="41" methods="134" coveredmethods="134" conditionals="0" coveredconditionals="0" statements="383" coveredstatements="383" elements="517" coveredelements="517"/>
  </project>
</coverage>
