<?xml version="1.0" encoding="UTF-8"?>
<testsuites>
  <testsuite name="/var/www/html/tests/Unit" tests="25" assertions="78" errors="0" warnings="0" failures="0" skipped="0" time="0.176672">
    <testsuite name="Whalar\Tests\Unit\Core\Application\Command\Actor\CreateActor\CreateActorCommandHandlerTest" file="/var/www/html/tests/Unit/Core/Application/Command/Actor/CreateActor/CreateActorCommandHandlerTest.php" tests="4" assertions="17" errors="0" warnings="0" failures="0" skipped="0" time="0.101995">
      <testcase name="testTryCreateWithSameNameShouldThrowActorAlreadyExistsException" class="Whalar\Tests\Unit\Core\Application\Command\Actor\CreateActor\CreateActorCommandHandlerTest" classname="Whalar.Tests.Unit.Core.Application.Command.Actor.CreateActor.CreateActorCommandHandlerTest" file="/var/www/html/tests/Unit/Core/Application/Command/Actor/CreateActor/CreateActorCommandHandlerTest.php" line="81" assertions="1" time="0.094629"/>
      <testcase name="testTryCreateWithSameInternalIdShouldThrowActorAlreadyExistsException" class="Whalar\Tests\Unit\Core\Application\Command\Actor\CreateActor\CreateActorCommandHandlerTest" classname="Whalar.Tests.Unit.Core.Application.Command.Actor.CreateActor.CreateActorCommandHandlerTest" file="/var/www/html/tests/Unit/Core/Application/Command/Actor/CreateActor/CreateActorCommandHandlerTest.php" line="91" assertions="1" time="0.001008"/>
      <testcase name="testTryCreateWithSameIdShouldThrowActorAlreadyExistsException" class="Whalar\Tests\Unit\Core\Application\Command\Actor\CreateActor\CreateActorCommandHandlerTest" classname="Whalar.Tests.Unit.Core.Application.Command.Actor.CreateActor.CreateActorCommandHandlerTest" file="/var/www/html/tests/Unit/Core/Application/Command/Actor/CreateActor/CreateActorCommandHandlerTest.php" line="71" assertions="1" time="0.000674"/>
      <testcase name="testActorIsCreatedSuccessfully" class="Whalar\Tests\Unit\Core\Application\Command\Actor\CreateActor\CreateActorCommandHandlerTest" classname="Whalar.Tests.Unit.Core.Application.Command.Actor.CreateActor.CreateActorCommandHandlerTest" file="/var/www/html/tests/Unit/Core/Application/Command/Actor/CreateActor/CreateActorCommandHandlerTest.php" line="25" assertions="14" time="0.005685"/>
    </testsuite>
    <testsuite name="Whalar\Tests\Unit\Core\Application\Query\Character\RetrieveCharacter\RetrieveCharacterQueryHandlerTest" file="/var/www/html/tests/Unit/Core/Application/Query/Character/RetrieveCharacter/RetrieveCharacterQueryHandlerTest.php" tests="2" assertions="2" errors="0" warnings="0" failures="0" skipped="0" time="0.019339">
      <testcase name="testRetrieveCharacterSuccessfully" class="Whalar\Tests\Unit\Core\Application\Query\Character\RetrieveCharacter\RetrieveCharacterQueryHandlerTest" classname="Whalar.Tests.Unit.Core.Application.Query.Character.RetrieveCharacter.RetrieveCharacterQueryHandlerTest" file="/var/www/html/tests/Unit/Core/Application/Query/Character/RetrieveCharacter/RetrieveCharacterQueryHandlerTest.php" line="24" assertions="1" time="0.017217"/>
      <testcase name="testTryRetrieveCharacterNotFoundShouldThrowException" class="Whalar\Tests\Unit\Core\Application\Query\Character\RetrieveCharacter\RetrieveCharacterQueryHandlerTest" classname="Whalar.Tests.Unit.Core.Application.Query.Character.RetrieveCharacter.RetrieveCharacterQueryHandlerTest" file="/var/www/html/tests/Unit/Core/Application/Query/Character/RetrieveCharacter/RetrieveCharacterQueryHandlerTest.php" line="51" assertions="1" time="0.002122"/>
    </testsuite>
    <testsuite name="Whalar\Tests\Unit\Core\Application\Command\Character\CreateCharacter\CreateCharacterCommandHandlerTest" file="/var/www/html/tests/Unit/Core/Application/Command/Character/CreateCharacter/CreateCharacterCommandHandlerTest.php" tests="8" assertions="26" errors="0" warnings="0" failures="0" skipped="0" time="0.021063">
      <testcase name="testTryCreateWithSameNameShouldThrowCharacterAlreadyExistsException" class="Whalar\Tests\Unit\Core\Application\Command\Character\CreateCharacter\CreateCharacterCommandHandlerTest" classname="Whalar.Tests.Unit.Core.Application.Command.Character.CreateCharacter.CreateCharacterCommandHandlerTest" file="/var/www/html/tests/Unit/Core/Application/Command/Character/CreateCharacter/CreateCharacterCommandHandlerTest.php" line="112" assertions="1" time="0.006557"/>
      <testcase name="testTryCreateWithHouseNotFoundShouldThrowException" class="Whalar\Tests\Unit\Core\Application\Command\Character\CreateCharacter\CreateCharacterCommandHandlerTest" classname="Whalar.Tests.Unit.Core.Application.Command.Character.CreateCharacter.CreateCharacterCommandHandlerTest" file="/var/www/html/tests/Unit/Core/Application/Command/Character/CreateCharacter/CreateCharacterCommandHandlerTest.php" line="128" assertions="1" time="0.001616"/>
      <testcase name="testTryCreateWithActorNotFoundShouldThrowException" class="Whalar\Tests\Unit\Core\Application\Command\Character\CreateCharacter\CreateCharacterCommandHandlerTest" classname="Whalar.Tests.Unit.Core.Application.Command.Character.CreateCharacter.CreateCharacterCommandHandlerTest" file="/var/www/html/tests/Unit/Core/Application/Command/Character/CreateCharacter/CreateCharacterCommandHandlerTest.php" line="122" assertions="1" time="0.001391"/>
      <testcase name="testCharacterIsCreatedSuccessfully" class="Whalar\Tests\Unit\Core\Application\Command\Character\CreateCharacter\CreateCharacterCommandHandlerTest" classname="Whalar.Tests.Unit.Core.Application.Command.Character.CreateCharacter.CreateCharacterCommandHandlerTest" file="/var/www/html/tests/Unit/Core/Application/Command/Character/CreateCharacter/CreateCharacterCommandHandlerTest.php" line="42" assertions="13" time="0.002633"/>
      <testcase name="testCharacterThatBelongsToAHouseIsCreatedSuccessfully" class="Whalar\Tests\Unit\Core\Application\Command\Character\CreateCharacter\CreateCharacterCommandHandlerTest" classname="Whalar.Tests.Unit.Core.Application.Command.Character.CreateCharacter.CreateCharacterCommandHandlerTest" file="/var/www/html/tests/Unit/Core/Application/Command/Character/CreateCharacter/CreateCharacterCommandHandlerTest.php" line="82" assertions="7" time="0.003656"/>
      <testcase name="testTryCreateWithSameInternalIdShouldThrowCharacterAlreadyExistsException" class="Whalar\Tests\Unit\Core\Application\Command\Character\CreateCharacter\CreateCharacterCommandHandlerTest" classname="Whalar.Tests.Unit.Core.Application.Command.Character.CreateCharacter.CreateCharacterCommandHandlerTest" file="/var/www/html/tests/Unit/Core/Application/Command/Character/CreateCharacter/CreateCharacterCommandHandlerTest.php" line="140" assertions="1" time="0.001477"/>
      <testcase name="testTryCreateWithActorAlreadyAssignedShouldThrowException" class="Whalar\Tests\Unit\Core\Application\Command\Character\CreateCharacter\CreateCharacterCommandHandlerTest" classname="Whalar.Tests.Unit.Core.Application.Command.Character.CreateCharacter.CreateCharacterCommandHandlerTest" file="/var/www/html/tests/Unit/Core/Application/Command/Character/CreateCharacter/CreateCharacterCommandHandlerTest.php" line="150" assertions="1" time="0.001952"/>
      <testcase name="testTryCreateWithoutActorsShouldThrowException" class="Whalar\Tests\Unit\Core\Application\Command\Character\CreateCharacter\CreateCharacterCommandHandlerTest" classname="Whalar.Tests.Unit.Core.Application.Command.Character.CreateCharacter.CreateCharacterCommandHandlerTest" file="/var/www/html/tests/Unit/Core/Application/Command/Character/CreateCharacter/CreateCharacterCommandHandlerTest.php" line="134" assertions="1" time="0.001781"/>
    </testsuite>
    <testsuite name="Whalar\Tests\Unit\Core\Application\Command\Character\RelateCharacters\RelateCharactersCommandHandlerTest" file="/var/www/html/tests/Unit/Core/Application/Command/Character/RelateCharacters/RelateCharactersCommandHandlerTest.php" tests="5" assertions="16" errors="0" warnings="0" failures="0" skipped="0" time="0.020302">
      <testcase name="testCharacterIsRelatedSuccessfully" class="Whalar\Tests\Unit\Core\Application\Command\Character\RelateCharacters\RelateCharactersCommandHandlerTest" classname="Whalar.Tests.Unit.Core.Application.Command.Character.RelateCharacters.RelateCharactersCommandHandlerTest" file="/var/www/html/tests/Unit/Core/Application/Command/Character/RelateCharacters/RelateCharactersCommandHandlerTest.php" line="35" assertions="12" time="0.009748"/>
      <testcase name="testTryRelateCharacterToTheSameCharacterShouldThrowException" class="Whalar\Tests\Unit\Core\Application\Command\Character\RelateCharacters\RelateCharactersCommandHandlerTest" classname="Whalar.Tests.Unit.Core.Application.Command.Character.RelateCharacters.RelateCharactersCommandHandlerTest" file="/var/www/html/tests/Unit/Core/Application/Command/Character/RelateCharacters/RelateCharactersCommandHandlerTest.php" line="97" assertions="1" time="0.003739"/>
      <testcase name="testTryRelateCharactersWithInvalidRelationTypeThrowException" class="Whalar\Tests\Unit\Core\Application\Command\Character\RelateCharacters\RelateCharactersCommandHandlerTest" classname="Whalar.Tests.Unit.Core.Application.Command.Character.RelateCharacters.RelateCharactersCommandHandlerTest" file="/var/www/html/tests/Unit/Core/Application/Command/Character/RelateCharacters/RelateCharactersCommandHandlerTest.php" line="78" assertions="1" time="0.003025"/>
      <testcase name="testTryRelateCharactersWithRelatedToNotFoundThrowException" class="Whalar\Tests\Unit\Core\Application\Command\Character\RelateCharacters\RelateCharactersCommandHandlerTest" classname="Whalar.Tests.Unit.Core.Application.Command.Character.RelateCharacters.RelateCharactersCommandHandlerTest" file="/var/www/html/tests/Unit/Core/Application/Command/Character/RelateCharacters/RelateCharactersCommandHandlerTest.php" line="67" assertions="1" time="0.002360"/>
      <testcase name="testTryRelateCharactersWithCharacterNotFoundThrowException" class="Whalar\Tests\Unit\Core\Application\Command\Character\RelateCharacters\RelateCharactersCommandHandlerTest" classname="Whalar.Tests.Unit.Core.Application.Command.Character.RelateCharacters.RelateCharactersCommandHandlerTest" file="/var/www/html/tests/Unit/Core/Application/Command/Character/RelateCharacters/RelateCharactersCommandHandlerTest.php" line="91" assertions="1" time="0.001430"/>
    </testsuite>
    <testsuite name="Whalar\Tests\Unit\Core\Application\Query\House\ListHouses\ListHousesQueryHandlerTest" file="/var/www/html/tests/Unit/Core/Application/Query/House/ListHouses/ListHousesQueryHandlerTest.php" tests="1" assertions="2" errors="0" warnings="0" failures="0" skipped="0" time="0.004163">
      <testcase name="testListHousesSuccessfully" class="Whalar\Tests\Unit\Core\Application\Query\House\ListHouses\ListHousesQueryHandlerTest" classname="Whalar.Tests.Unit.Core.Application.Query.House.ListHouses.ListHousesQueryHandlerTest" file="/var/www/html/tests/Unit/Core/Application/Query/House/ListHouses/ListHousesQueryHandlerTest.php" line="20" assertions="2" time="0.004163"/>
    </testsuite>
    <testsuite name="Whalar\Tests\Unit\Core\Application\Query\Character\ListCharacters\ListCharactersQueryHandlerTest" file="/var/www/html/tests/Unit/Core/Application/Query/Character/ListCharacters/ListCharactersQueryHandlerTest.php" tests="2" assertions="4" errors="0" warnings="0" failures="0" skipped="0" time="0.005255">
      <testcase name="testListCharactersSuccessfully" class="Whalar\Tests\Unit\Core\Application\Query\Character\ListCharacters\ListCharactersQueryHandlerTest" classname="Whalar.Tests.Unit.Core.Application.Query.Character.ListCharacters.ListCharactersQueryHandlerTest" file="/var/www/html/tests/Unit/Core/Application/Query/Character/ListCharacters/ListCharactersQueryHandlerTest.php" line="22" assertions="2" time="0.003056"/>
      <testcase name="testListCharactersFilteringByNameSuccessfully" class="Whalar\Tests\Unit\Core\Application\Query\Character\ListCharacters\ListCharactersQueryHandlerTest" classname="Whalar.Tests.Unit.Core.Application.Query.Character.ListCharacters.ListCharactersQueryHandlerTest" file="/var/www/html/tests/Unit/Core/Application/Query/Character/ListCharacters/ListCharactersQueryHandlerTest.php" line="64" assertions="2" time="0.002199"/>
    </testsuite>
    <testsuite name="Whalar\Tests\Unit\Core\Application\Command\House\CreateHouse\CreateHouseCommandHandlerTest" file="/var/www/html/tests/Unit/Core/Application/Command/House/CreateHouse/CreateHouseCommandHandlerTest.php" tests="3" assertions="11" errors="0" warnings="0" failures="0" skipped="0" time="0.004554">
      <testcase name="testTryCreateWithSameIdShouldThrowHouseAlreadyExistsException" class="Whalar\Tests\Unit\Core\Application\Command\House\CreateHouse\CreateHouseCommandHandlerTest" classname="Whalar.Tests.Unit.Core.Application.Command.House.CreateHouse.CreateHouseCommandHandlerTest" file="/var/www/html/tests/Unit/Core/Application/Command/House/CreateHouse/CreateHouseCommandHandlerTest.php" line="49" assertions="1" time="0.003116"/>
      <testcase name="testHouseIsCreatedSuccessfully" class="Whalar\Tests\Unit\Core\Application\Command\House\CreateHouse\CreateHouseCommandHandlerTest" classname="Whalar.Tests.Unit.Core.Application.Command.House.CreateHouse.CreateHouseCommandHandlerTest" file="/var/www/html/tests/Unit/Core/Application/Command/House/CreateHouse/CreateHouseCommandHandlerTest.php" line="24" assertions="9" time="0.000732"/>
      <testcase name="testTryCreateWithSameNameShouldThrowHouseAlreadyExistsException" class="Whalar\Tests\Unit\Core\Application\Command\House\CreateHouse\CreateHouseCommandHandlerTest" classname="Whalar.Tests.Unit.Core.Application.Command.House.CreateHouse.CreateHouseCommandHandlerTest" file="/var/www/html/tests/Unit/Core/Application/Command/House/CreateHouse/CreateHouseCommandHandlerTest.php" line="59" assertions="1" time="0.000707"/>
    </testsuite>
  </testsuite>
</testsuites>
