<?xml version="1.0" encoding="UTF-8"?>
<testsuites>
  <testsuite name="/var/www/html/tests/Unit" tests="108" assertions="141" errors="0" warnings="0" failures="0" skipped="0" time="0.396582">
    <testsuite name="Whalar\Tests\Unit\Core\Application\Command\House\CreateHouse\CreateHouseCommandHandlerTest" file="/var/www/html/tests/Unit/Core/Application/Command/House/CreateHouse/CreateHouseCommandHandlerTest.php" tests="3" assertions="10" errors="0" warnings="0" failures="0" skipped="0" time="0.251563">
      <testcase name="testHouseIsCreatedSuccessfully" class="Whalar\Tests\Unit\Core\Application\Command\House\CreateHouse\CreateHouseCommandHandlerTest" classname="Whalar.Tests.Unit.Core.Application.Command.House.CreateHouse.CreateHouseCommandHandlerTest" file="/var/www/html/tests/Unit/Core/Application/Command/House/CreateHouse/CreateHouseCommandHandlerTest.php" line="24" assertions="8" time="0.238391"/>
      <testcase name="testTryCreateWithSameIdShouldThrowHouseAlreadyExistsException" class="Whalar\Tests\Unit\Core\Application\Command\House\CreateHouse\CreateHouseCommandHandlerTest" classname="Whalar.Tests.Unit.Core.Application.Command.House.CreateHouse.CreateHouseCommandHandlerTest" file="/var/www/html/tests/Unit/Core/Application/Command/House/CreateHouse/CreateHouseCommandHandlerTest.php" line="48" assertions="1" time="0.012415"/>
      <testcase name="testTryCreateWithSameNameShouldThrowHouseAlreadyExistsException" class="Whalar\Tests\Unit\Core\Application\Command\House\CreateHouse\CreateHouseCommandHandlerTest" classname="Whalar.Tests.Unit.Core.Application.Command.House.CreateHouse.CreateHouseCommandHandlerTest" file="/var/www/html/tests/Unit/Core/Application/Command/House/CreateHouse/CreateHouseCommandHandlerTest.php" line="58" assertions="1" time="0.000757"/>
    </testsuite>
    <testsuite name="Whalar\Tests\Unit\Core\Application\Command\Actor\CreateActor\CreateActorCommandHandlerTest" file="/var/www/html/tests/Unit/Core/Application/Command/Actor/CreateActor/CreateActorCommandHandlerTest.php" tests="4" assertions="16" errors="0" warnings="0" failures="0" skipped="0" time="0.028427">
      <testcase name="testTryCreateWithSameInternalIdShouldThrowActorAlreadyExistsException" class="Whalar\Tests\Unit\Core\Application\Command\Actor\CreateActor\CreateActorCommandHandlerTest" classname="Whalar.Tests.Unit.Core.Application.Command.Actor.CreateActor.CreateActorCommandHandlerTest" file="/var/www/html/tests/Unit/Core/Application/Command/Actor/CreateActor/CreateActorCommandHandlerTest.php" line="90" assertions="1" time="0.020924"/>
      <testcase name="testActorIsCreatedSuccessfully" class="Whalar\Tests\Unit\Core\Application\Command\Actor\CreateActor\CreateActorCommandHandlerTest" classname="Whalar.Tests.Unit.Core.Application.Command.Actor.CreateActor.CreateActorCommandHandlerTest" file="/var/www/html/tests/Unit/Core/Application/Command/Actor/CreateActor/CreateActorCommandHandlerTest.php" line="25" assertions="13" time="0.006063"/>
      <testcase name="testTryCreateWithSameIdShouldThrowActorAlreadyExistsException" class="Whalar\Tests\Unit\Core\Application\Command\Actor\CreateActor\CreateActorCommandHandlerTest" classname="Whalar.Tests.Unit.Core.Application.Command.Actor.CreateActor.CreateActorCommandHandlerTest" file="/var/www/html/tests/Unit/Core/Application/Command/Actor/CreateActor/CreateActorCommandHandlerTest.php" line="70" assertions="1" time="0.000691"/>
      <testcase name="testTryCreateWithSameNameShouldThrowActorAlreadyExistsException" class="Whalar\Tests\Unit\Core\Application\Command\Actor\CreateActor\CreateActorCommandHandlerTest" classname="Whalar.Tests.Unit.Core.Application.Command.Actor.CreateActor.CreateActorCommandHandlerTest" file="/var/www/html/tests/Unit/Core/Application/Command/Actor/CreateActor/CreateActorCommandHandlerTest.php" line="80" assertions="1" time="0.000749"/>
    </testsuite>
    <testsuite name="Whalar\Tests\Unit\Shared\Domain\Data\DataMappingTest" file="/var/www/html/tests/Unit/Shared/Domain/Data/DataMappingTest.php" tests="98" assertions="103" errors="0" warnings="0" failures="0" skipped="0" time="0.067744">
      <testsuite name="Whalar\Tests\Unit\Shared\Domain\Data\DataMappingTest::testShouldGetBool" tests="16" assertions="16" errors="0" warnings="0" failures="0" skipped="0" time="0.014813">
        <testcase name="testShouldGetBool with data set #9" class="Whalar\Tests\Unit\Shared\Domain\Data\DataMappingTest" classname="Whalar.Tests.Unit.Shared.Domain.Data.DataMappingTest" file="/var/www/html/tests/Unit/Shared/Domain/Data/DataMappingTest.php" line="17" assertions="1" time="0.009034"/>
        <testcase name="testShouldGetBool with data set #11" class="Whalar\Tests\Unit\Shared\Domain\Data\DataMappingTest" classname="Whalar.Tests.Unit.Shared.Domain.Data.DataMappingTest" file="/var/www/html/tests/Unit/Shared/Domain/Data/DataMappingTest.php" line="17" assertions="1" time="0.000364"/>
        <testcase name="testShouldGetBool with data set #3" class="Whalar\Tests\Unit\Shared\Domain\Data\DataMappingTest" classname="Whalar.Tests.Unit.Shared.Domain.Data.DataMappingTest" file="/var/www/html/tests/Unit/Shared/Domain/Data/DataMappingTest.php" line="17" assertions="1" time="0.000418"/>
        <testcase name="testShouldGetBool with data set #10" class="Whalar\Tests\Unit\Shared\Domain\Data\DataMappingTest" classname="Whalar.Tests.Unit.Shared.Domain.Data.DataMappingTest" file="/var/www/html/tests/Unit/Shared/Domain/Data/DataMappingTest.php" line="17" assertions="1" time="0.000367"/>
        <testcase name="testShouldGetBool with data set #7" class="Whalar\Tests\Unit\Shared\Domain\Data\DataMappingTest" classname="Whalar.Tests.Unit.Shared.Domain.Data.DataMappingTest" file="/var/www/html/tests/Unit/Shared/Domain/Data/DataMappingTest.php" line="17" assertions="1" time="0.000371"/>
        <testcase name="testShouldGetBool with data set #4" class="Whalar\Tests\Unit\Shared\Domain\Data\DataMappingTest" classname="Whalar.Tests.Unit.Shared.Domain.Data.DataMappingTest" file="/var/www/html/tests/Unit/Shared/Domain/Data/DataMappingTest.php" line="17" assertions="1" time="0.000352"/>
        <testcase name="testShouldGetBool with data set #13" class="Whalar\Tests\Unit\Shared\Domain\Data\DataMappingTest" classname="Whalar.Tests.Unit.Shared.Domain.Data.DataMappingTest" file="/var/www/html/tests/Unit/Shared/Domain/Data/DataMappingTest.php" line="17" assertions="1" time="0.000358"/>
        <testcase name="testShouldGetBool with data set #14" class="Whalar\Tests\Unit\Shared\Domain\Data\DataMappingTest" classname="Whalar.Tests.Unit.Shared.Domain.Data.DataMappingTest" file="/var/www/html/tests/Unit/Shared/Domain/Data/DataMappingTest.php" line="17" assertions="1" time="0.000360"/>
        <testcase name="testShouldGetBool with data set #8" class="Whalar\Tests\Unit\Shared\Domain\Data\DataMappingTest" classname="Whalar.Tests.Unit.Shared.Domain.Data.DataMappingTest" file="/var/www/html/tests/Unit/Shared/Domain/Data/DataMappingTest.php" line="17" assertions="1" time="0.000347"/>
        <testcase name="testShouldGetBool with data set #5" class="Whalar\Tests\Unit\Shared\Domain\Data\DataMappingTest" classname="Whalar.Tests.Unit.Shared.Domain.Data.DataMappingTest" file="/var/www/html/tests/Unit/Shared/Domain/Data/DataMappingTest.php" line="17" assertions="1" time="0.000364"/>
        <testcase name="testShouldGetBool with data set #12" class="Whalar\Tests\Unit\Shared\Domain\Data\DataMappingTest" classname="Whalar.Tests.Unit.Shared.Domain.Data.DataMappingTest" file="/var/www/html/tests/Unit/Shared/Domain/Data/DataMappingTest.php" line="17" assertions="1" time="0.000495"/>
        <testcase name="testShouldGetBool with data set #6" class="Whalar\Tests\Unit\Shared\Domain\Data\DataMappingTest" classname="Whalar.Tests.Unit.Shared.Domain.Data.DataMappingTest" file="/var/www/html/tests/Unit/Shared/Domain/Data/DataMappingTest.php" line="17" assertions="1" time="0.000496"/>
        <testcase name="testShouldGetBool with data set #1" class="Whalar\Tests\Unit\Shared\Domain\Data\DataMappingTest" classname="Whalar.Tests.Unit.Shared.Domain.Data.DataMappingTest" file="/var/www/html/tests/Unit/Shared/Domain/Data/DataMappingTest.php" line="17" assertions="1" time="0.000365"/>
        <testcase name="testShouldGetBool with data set #0" class="Whalar\Tests\Unit\Shared\Domain\Data\DataMappingTest" classname="Whalar.Tests.Unit.Shared.Domain.Data.DataMappingTest" file="/var/www/html/tests/Unit/Shared/Domain/Data/DataMappingTest.php" line="17" assertions="1" time="0.000364"/>
        <testcase name="testShouldGetBool with data set #15" class="Whalar\Tests\Unit\Shared\Domain\Data\DataMappingTest" classname="Whalar.Tests.Unit.Shared.Domain.Data.DataMappingTest" file="/var/www/html/tests/Unit/Shared/Domain/Data/DataMappingTest.php" line="17" assertions="1" time="0.000381"/>
        <testcase name="testShouldGetBool with data set #2" class="Whalar\Tests\Unit\Shared\Domain\Data\DataMappingTest" classname="Whalar.Tests.Unit.Shared.Domain.Data.DataMappingTest" file="/var/www/html/tests/Unit/Shared/Domain/Data/DataMappingTest.php" line="17" assertions="1" time="0.000379"/>
      </testsuite>
      <testsuite name="Whalar\Tests\Unit\Shared\Domain\Data\DataMappingTest::testShouldGetString" tests="8" assertions="8" errors="0" warnings="0" failures="0" skipped="0" time="0.002960">
        <testcase name="testShouldGetString with data set #4" class="Whalar\Tests\Unit\Shared\Domain\Data\DataMappingTest" classname="Whalar.Tests.Unit.Shared.Domain.Data.DataMappingTest" file="/var/www/html/tests/Unit/Shared/Domain/Data/DataMappingTest.php" line="222" assertions="1" time="0.000385"/>
        <testcase name="testShouldGetString with data set #6" class="Whalar\Tests\Unit\Shared\Domain\Data\DataMappingTest" classname="Whalar.Tests.Unit.Shared.Domain.Data.DataMappingTest" file="/var/www/html/tests/Unit/Shared/Domain/Data/DataMappingTest.php" line="222" assertions="1" time="0.000353"/>
        <testcase name="testShouldGetString with data set #3" class="Whalar\Tests\Unit\Shared\Domain\Data\DataMappingTest" classname="Whalar.Tests.Unit.Shared.Domain.Data.DataMappingTest" file="/var/www/html/tests/Unit/Shared/Domain/Data/DataMappingTest.php" line="222" assertions="1" time="0.000363"/>
        <testcase name="testShouldGetString with data set #1" class="Whalar\Tests\Unit\Shared\Domain\Data\DataMappingTest" classname="Whalar.Tests.Unit.Shared.Domain.Data.DataMappingTest" file="/var/www/html/tests/Unit/Shared/Domain/Data/DataMappingTest.php" line="222" assertions="1" time="0.000355"/>
        <testcase name="testShouldGetString with data set #5" class="Whalar\Tests\Unit\Shared\Domain\Data\DataMappingTest" classname="Whalar.Tests.Unit.Shared.Domain.Data.DataMappingTest" file="/var/www/html/tests/Unit/Shared/Domain/Data/DataMappingTest.php" line="222" assertions="1" time="0.000355"/>
        <testcase name="testShouldGetString with data set #2" class="Whalar\Tests\Unit\Shared\Domain\Data\DataMappingTest" classname="Whalar.Tests.Unit.Shared.Domain.Data.DataMappingTest" file="/var/www/html/tests/Unit/Shared/Domain/Data/DataMappingTest.php" line="222" assertions="1" time="0.000344"/>
        <testcase name="testShouldGetString with data set #7" class="Whalar\Tests\Unit\Shared\Domain\Data\DataMappingTest" classname="Whalar.Tests.Unit.Shared.Domain.Data.DataMappingTest" file="/var/www/html/tests/Unit/Shared/Domain/Data/DataMappingTest.php" line="222" assertions="1" time="0.000379"/>
        <testcase name="testShouldGetString with data set #0" class="Whalar\Tests\Unit\Shared\Domain\Data\DataMappingTest" classname="Whalar.Tests.Unit.Shared.Domain.Data.DataMappingTest" file="/var/www/html/tests/Unit/Shared/Domain/Data/DataMappingTest.php" line="222" assertions="1" time="0.000426"/>
      </testsuite>
      <testsuite name="Whalar\Tests\Unit\Shared\Domain\Data\DataMappingTest::testShouldGetBoolOrNull" tests="16" assertions="16" errors="0" warnings="0" failures="0" skipped="0" time="0.005764">
        <testcase name="testShouldGetBoolOrNull with data set #12" class="Whalar\Tests\Unit\Shared\Domain\Data\DataMappingTest" classname="Whalar.Tests.Unit.Shared.Domain.Data.DataMappingTest" file="/var/www/html/tests/Unit/Shared/Domain/Data/DataMappingTest.php" line="55" assertions="1" time="0.000360"/>
        <testcase name="testShouldGetBoolOrNull with data set #4" class="Whalar\Tests\Unit\Shared\Domain\Data\DataMappingTest" classname="Whalar.Tests.Unit.Shared.Domain.Data.DataMappingTest" file="/var/www/html/tests/Unit/Shared/Domain/Data/DataMappingTest.php" line="55" assertions="1" time="0.000339"/>
        <testcase name="testShouldGetBoolOrNull with data set #0" class="Whalar\Tests\Unit\Shared\Domain\Data\DataMappingTest" classname="Whalar.Tests.Unit.Shared.Domain.Data.DataMappingTest" file="/var/www/html/tests/Unit/Shared/Domain/Data/DataMappingTest.php" line="55" assertions="1" time="0.000347"/>
        <testcase name="testShouldGetBoolOrNull with data set #11" class="Whalar\Tests\Unit\Shared\Domain\Data\DataMappingTest" classname="Whalar.Tests.Unit.Shared.Domain.Data.DataMappingTest" file="/var/www/html/tests/Unit/Shared/Domain/Data/DataMappingTest.php" line="55" assertions="1" time="0.000379"/>
        <testcase name="testShouldGetBoolOrNull with data set #1" class="Whalar\Tests\Unit\Shared\Domain\Data\DataMappingTest" classname="Whalar.Tests.Unit.Shared.Domain.Data.DataMappingTest" file="/var/www/html/tests/Unit/Shared/Domain/Data/DataMappingTest.php" line="55" assertions="1" time="0.000356"/>
        <testcase name="testShouldGetBoolOrNull with data set #9" class="Whalar\Tests\Unit\Shared\Domain\Data\DataMappingTest" classname="Whalar.Tests.Unit.Shared.Domain.Data.DataMappingTest" file="/var/www/html/tests/Unit/Shared/Domain/Data/DataMappingTest.php" line="55" assertions="1" time="0.000337"/>
        <testcase name="testShouldGetBoolOrNull with data set #2" class="Whalar\Tests\Unit\Shared\Domain\Data\DataMappingTest" classname="Whalar.Tests.Unit.Shared.Domain.Data.DataMappingTest" file="/var/www/html/tests/Unit/Shared/Domain/Data/DataMappingTest.php" line="55" assertions="1" time="0.000330"/>
        <testcase name="testShouldGetBoolOrNull with data set #13" class="Whalar\Tests\Unit\Shared\Domain\Data\DataMappingTest" classname="Whalar.Tests.Unit.Shared.Domain.Data.DataMappingTest" file="/var/www/html/tests/Unit/Shared/Domain/Data/DataMappingTest.php" line="55" assertions="1" time="0.000329"/>
        <testcase name="testShouldGetBoolOrNull with data set #3" class="Whalar\Tests\Unit\Shared\Domain\Data\DataMappingTest" classname="Whalar.Tests.Unit.Shared.Domain.Data.DataMappingTest" file="/var/www/html/tests/Unit/Shared/Domain/Data/DataMappingTest.php" line="55" assertions="1" time="0.000334"/>
        <testcase name="testShouldGetBoolOrNull with data set #15" class="Whalar\Tests\Unit\Shared\Domain\Data\DataMappingTest" classname="Whalar.Tests.Unit.Shared.Domain.Data.DataMappingTest" file="/var/www/html/tests/Unit/Shared/Domain/Data/DataMappingTest.php" line="55" assertions="1" time="0.000360"/>
        <testcase name="testShouldGetBoolOrNull with data set #8" class="Whalar\Tests\Unit\Shared\Domain\Data\DataMappingTest" classname="Whalar.Tests.Unit.Shared.Domain.Data.DataMappingTest" file="/var/www/html/tests/Unit/Shared/Domain/Data/DataMappingTest.php" line="55" assertions="1" time="0.000408"/>
        <testcase name="testShouldGetBoolOrNull with data set #10" class="Whalar\Tests\Unit\Shared\Domain\Data\DataMappingTest" classname="Whalar.Tests.Unit.Shared.Domain.Data.DataMappingTest" file="/var/www/html/tests/Unit/Shared/Domain/Data/DataMappingTest.php" line="55" assertions="1" time="0.000392"/>
        <testcase name="testShouldGetBoolOrNull with data set #5" class="Whalar\Tests\Unit\Shared\Domain\Data\DataMappingTest" classname="Whalar.Tests.Unit.Shared.Domain.Data.DataMappingTest" file="/var/www/html/tests/Unit/Shared/Domain/Data/DataMappingTest.php" line="55" assertions="1" time="0.000376"/>
        <testcase name="testShouldGetBoolOrNull with data set #14" class="Whalar\Tests\Unit\Shared\Domain\Data\DataMappingTest" classname="Whalar.Tests.Unit.Shared.Domain.Data.DataMappingTest" file="/var/www/html/tests/Unit/Shared/Domain/Data/DataMappingTest.php" line="55" assertions="1" time="0.000353"/>
        <testcase name="testShouldGetBoolOrNull with data set #6" class="Whalar\Tests\Unit\Shared\Domain\Data\DataMappingTest" classname="Whalar.Tests.Unit.Shared.Domain.Data.DataMappingTest" file="/var/www/html/tests/Unit/Shared/Domain/Data/DataMappingTest.php" line="55" assertions="1" time="0.000376"/>
        <testcase name="testShouldGetBoolOrNull with data set #7" class="Whalar\Tests\Unit\Shared\Domain\Data\DataMappingTest" classname="Whalar.Tests.Unit.Shared.Domain.Data.DataMappingTest" file="/var/www/html/tests/Unit/Shared/Domain/Data/DataMappingTest.php" line="55" assertions="1" time="0.000388"/>
      </testsuite>
      <testsuite name="Whalar\Tests\Unit\Shared\Domain\Data\DataMappingTest::testShouldGetStringOrFail" tests="8" assertions="10" errors="0" warnings="0" failures="0" skipped="0" time="0.008707">
        <testcase name="testShouldGetStringOrFail with data set #0" class="Whalar\Tests\Unit\Shared\Domain\Data\DataMappingTest" classname="Whalar.Tests.Unit.Shared.Domain.Data.DataMappingTest" file="/var/www/html/tests/Unit/Shared/Domain/Data/DataMappingTest.php" line="289" assertions="1" time="0.000461"/>
        <testcase name="testShouldGetStringOrFail with data set #1" class="Whalar\Tests\Unit\Shared\Domain\Data\DataMappingTest" classname="Whalar.Tests.Unit.Shared.Domain.Data.DataMappingTest" file="/var/www/html/tests/Unit/Shared/Domain/Data/DataMappingTest.php" line="289" assertions="1" time="0.000461"/>
        <testcase name="testShouldGetStringOrFail with data set #5" class="Whalar\Tests\Unit\Shared\Domain\Data\DataMappingTest" classname="Whalar.Tests.Unit.Shared.Domain.Data.DataMappingTest" file="/var/www/html/tests/Unit/Shared/Domain/Data/DataMappingTest.php" line="289" assertions="1" time="0.000383"/>
        <testcase name="testShouldGetStringOrFail with data set #6" class="Whalar\Tests\Unit\Shared\Domain\Data\DataMappingTest" classname="Whalar.Tests.Unit.Shared.Domain.Data.DataMappingTest" file="/var/www/html/tests/Unit/Shared/Domain/Data/DataMappingTest.php" line="289" assertions="2" time="0.005681"/>
        <testcase name="testShouldGetStringOrFail with data set #3" class="Whalar\Tests\Unit\Shared\Domain\Data\DataMappingTest" classname="Whalar.Tests.Unit.Shared.Domain.Data.DataMappingTest" file="/var/www/html/tests/Unit/Shared/Domain/Data/DataMappingTest.php" line="289" assertions="1" time="0.000395"/>
        <testcase name="testShouldGetStringOrFail with data set #4" class="Whalar\Tests\Unit\Shared\Domain\Data\DataMappingTest" classname="Whalar.Tests.Unit.Shared.Domain.Data.DataMappingTest" file="/var/www/html/tests/Unit/Shared/Domain/Data/DataMappingTest.php" line="289" assertions="1" time="0.000381"/>
        <testcase name="testShouldGetStringOrFail with data set #2" class="Whalar\Tests\Unit\Shared\Domain\Data\DataMappingTest" classname="Whalar.Tests.Unit.Shared.Domain.Data.DataMappingTest" file="/var/www/html/tests/Unit/Shared/Domain/Data/DataMappingTest.php" line="289" assertions="1" time="0.000531"/>
        <testcase name="testShouldGetStringOrFail with data set #7" class="Whalar\Tests\Unit\Shared\Domain\Data\DataMappingTest" classname="Whalar.Tests.Unit.Shared.Domain.Data.DataMappingTest" file="/var/www/html/tests/Unit/Shared/Domain/Data/DataMappingTest.php" line="289" assertions="2" time="0.000414"/>
      </testsuite>
      <testcase name="testShouldGetIntegerOfArray" class="Whalar\Tests\Unit\Shared\Domain\Data\DataMappingTest" classname="Whalar.Tests.Unit.Shared.Domain.Data.DataMappingTest" file="/var/www/html/tests/Unit/Shared/Domain/Data/DataMappingTest.php" line="211" assertions="2" time="0.000380"/>
      <testcase name="testShouldGetId" class="Whalar\Tests\Unit\Shared\Domain\Data\DataMappingTest" classname="Whalar.Tests.Unit.Shared.Domain.Data.DataMappingTest" file="/var/www/html/tests/Unit/Shared/Domain/Data/DataMappingTest.php" line="259" assertions="2" time="0.000458"/>
      <testsuite name="Whalar\Tests\Unit\Shared\Domain\Data\DataMappingTest::testShouldGetInt" tests="10" assertions="10" errors="0" warnings="0" failures="0" skipped="0" time="0.005487">
        <testcase name="testShouldGetInt with data set #3" class="Whalar\Tests\Unit\Shared\Domain\Data\DataMappingTest" classname="Whalar.Tests.Unit.Shared.Domain.Data.DataMappingTest" file="/var/www/html/tests/Unit/Shared/Domain/Data/DataMappingTest.php" line="93" assertions="1" time="0.000390"/>
        <testcase name="testShouldGetInt with data set #6" class="Whalar\Tests\Unit\Shared\Domain\Data\DataMappingTest" classname="Whalar.Tests.Unit.Shared.Domain.Data.DataMappingTest" file="/var/www/html/tests/Unit/Shared/Domain/Data/DataMappingTest.php" line="93" assertions="1" time="0.000344"/>
        <testcase name="testShouldGetInt with data set #7" class="Whalar\Tests\Unit\Shared\Domain\Data\DataMappingTest" classname="Whalar.Tests.Unit.Shared.Domain.Data.DataMappingTest" file="/var/www/html/tests/Unit/Shared/Domain/Data/DataMappingTest.php" line="93" assertions="1" time="0.000355"/>
        <testcase name="testShouldGetInt with data set #5" class="Whalar\Tests\Unit\Shared\Domain\Data\DataMappingTest" classname="Whalar.Tests.Unit.Shared.Domain.Data.DataMappingTest" file="/var/www/html/tests/Unit/Shared/Domain/Data/DataMappingTest.php" line="93" assertions="1" time="0.000347"/>
        <testcase name="testShouldGetInt with data set #1" class="Whalar\Tests\Unit\Shared\Domain\Data\DataMappingTest" classname="Whalar.Tests.Unit.Shared.Domain.Data.DataMappingTest" file="/var/www/html/tests/Unit/Shared/Domain/Data/DataMappingTest.php" line="93" assertions="1" time="0.000340"/>
        <testcase name="testShouldGetInt with data set #8" class="Whalar\Tests\Unit\Shared\Domain\Data\DataMappingTest" classname="Whalar.Tests.Unit.Shared.Domain.Data.DataMappingTest" file="/var/www/html/tests/Unit/Shared/Domain/Data/DataMappingTest.php" line="93" assertions="1" time="0.000346"/>
        <testcase name="testShouldGetInt with data set #2" class="Whalar\Tests\Unit\Shared\Domain\Data\DataMappingTest" classname="Whalar.Tests.Unit.Shared.Domain.Data.DataMappingTest" file="/var/www/html/tests/Unit/Shared/Domain/Data/DataMappingTest.php" line="93" assertions="1" time="0.000370"/>
        <testcase name="testShouldGetInt with data set #4" class="Whalar\Tests\Unit\Shared\Domain\Data\DataMappingTest" classname="Whalar.Tests.Unit.Shared.Domain.Data.DataMappingTest" file="/var/www/html/tests/Unit/Shared/Domain/Data/DataMappingTest.php" line="93" assertions="1" time="0.001189"/>
        <testcase name="testShouldGetInt with data set #0" class="Whalar\Tests\Unit\Shared\Domain\Data\DataMappingTest" classname="Whalar.Tests.Unit.Shared.Domain.Data.DataMappingTest" file="/var/www/html/tests/Unit/Shared/Domain/Data/DataMappingTest.php" line="93" assertions="1" time="0.000944"/>
        <testcase name="testShouldGetInt with data set #9" class="Whalar\Tests\Unit\Shared\Domain\Data\DataMappingTest" classname="Whalar.Tests.Unit.Shared.Domain.Data.DataMappingTest" file="/var/www/html/tests/Unit/Shared/Domain/Data/DataMappingTest.php" line="93" assertions="1" time="0.000861"/>
      </testsuite>
      <testsuite name="Whalar\Tests\Unit\Shared\Domain\Data\DataMappingTest::testShouldGetNonEmptyStringOrNull" tests="8" assertions="8" errors="0" warnings="0" failures="0" skipped="0" time="0.006642">
        <testcase name="testShouldGetNonEmptyStringOrNull with data set #0" class="Whalar\Tests\Unit\Shared\Domain\Data\DataMappingTest" classname="Whalar.Tests.Unit.Shared.Domain.Data.DataMappingTest" file="/var/www/html/tests/Unit/Shared/Domain/Data/DataMappingTest.php" line="250" assertions="1" time="0.000600"/>
        <testcase name="testShouldGetNonEmptyStringOrNull with data set #5" class="Whalar\Tests\Unit\Shared\Domain\Data\DataMappingTest" classname="Whalar.Tests.Unit.Shared.Domain.Data.DataMappingTest" file="/var/www/html/tests/Unit/Shared/Domain/Data/DataMappingTest.php" line="250" assertions="1" time="0.000966"/>
        <testcase name="testShouldGetNonEmptyStringOrNull with data set #3" class="Whalar\Tests\Unit\Shared\Domain\Data\DataMappingTest" classname="Whalar.Tests.Unit.Shared.Domain.Data.DataMappingTest" file="/var/www/html/tests/Unit/Shared/Domain/Data/DataMappingTest.php" line="250" assertions="1" time="0.000924"/>
        <testcase name="testShouldGetNonEmptyStringOrNull with data set #2" class="Whalar\Tests\Unit\Shared\Domain\Data\DataMappingTest" classname="Whalar.Tests.Unit.Shared.Domain.Data.DataMappingTest" file="/var/www/html/tests/Unit/Shared/Domain/Data/DataMappingTest.php" line="250" assertions="1" time="0.000823"/>
        <testcase name="testShouldGetNonEmptyStringOrNull with data set #1" class="Whalar\Tests\Unit\Shared\Domain\Data\DataMappingTest" classname="Whalar.Tests.Unit.Shared.Domain.Data.DataMappingTest" file="/var/www/html/tests/Unit/Shared/Domain/Data/DataMappingTest.php" line="250" assertions="1" time="0.000863"/>
        <testcase name="testShouldGetNonEmptyStringOrNull with data set #4" class="Whalar\Tests\Unit\Shared\Domain\Data\DataMappingTest" classname="Whalar.Tests.Unit.Shared.Domain.Data.DataMappingTest" file="/var/www/html/tests/Unit/Shared/Domain/Data/DataMappingTest.php" line="250" assertions="1" time="0.000590"/>
        <testcase name="testShouldGetNonEmptyStringOrNull with data set #6" class="Whalar\Tests\Unit\Shared\Domain\Data\DataMappingTest" classname="Whalar.Tests.Unit.Shared.Domain.Data.DataMappingTest" file="/var/www/html/tests/Unit/Shared/Domain/Data/DataMappingTest.php" line="250" assertions="1" time="0.000843"/>
        <testcase name="testShouldGetNonEmptyStringOrNull with data set #7" class="Whalar\Tests\Unit\Shared\Domain\Data\DataMappingTest" classname="Whalar.Tests.Unit.Shared.Domain.Data.DataMappingTest" file="/var/www/html/tests/Unit/Shared/Domain/Data/DataMappingTest.php" line="250" assertions="1" time="0.001033"/>
      </testsuite>
      <testsuite name="Whalar\Tests\Unit\Shared\Domain\Data\DataMappingTest::testShouldGetFloat" tests="9" assertions="9" errors="0" warnings="0" failures="0" skipped="0" time="0.008584">
        <testcase name="testShouldGetFloat with data set #8" class="Whalar\Tests\Unit\Shared\Domain\Data\DataMappingTest" classname="Whalar.Tests.Unit.Shared.Domain.Data.DataMappingTest" file="/var/www/html/tests/Unit/Shared/Domain/Data/DataMappingTest.php" line="133" assertions="1" time="0.000815"/>
        <testcase name="testShouldGetFloat with data set #3" class="Whalar\Tests\Unit\Shared\Domain\Data\DataMappingTest" classname="Whalar.Tests.Unit.Shared.Domain.Data.DataMappingTest" file="/var/www/html/tests/Unit/Shared/Domain/Data/DataMappingTest.php" line="133" assertions="1" time="0.000876"/>
        <testcase name="testShouldGetFloat with data set #2" class="Whalar\Tests\Unit\Shared\Domain\Data\DataMappingTest" classname="Whalar.Tests.Unit.Shared.Domain.Data.DataMappingTest" file="/var/www/html/tests/Unit/Shared/Domain/Data/DataMappingTest.php" line="133" assertions="1" time="0.000713"/>
        <testcase name="testShouldGetFloat with data set #6" class="Whalar\Tests\Unit\Shared\Domain\Data\DataMappingTest" classname="Whalar.Tests.Unit.Shared.Domain.Data.DataMappingTest" file="/var/www/html/tests/Unit/Shared/Domain/Data/DataMappingTest.php" line="133" assertions="1" time="0.000682"/>
        <testcase name="testShouldGetFloat with data set #4" class="Whalar\Tests\Unit\Shared\Domain\Data\DataMappingTest" classname="Whalar.Tests.Unit.Shared.Domain.Data.DataMappingTest" file="/var/www/html/tests/Unit/Shared/Domain/Data/DataMappingTest.php" line="133" assertions="1" time="0.001195"/>
        <testcase name="testShouldGetFloat with data set #0" class="Whalar\Tests\Unit\Shared\Domain\Data\DataMappingTest" classname="Whalar.Tests.Unit.Shared.Domain.Data.DataMappingTest" file="/var/www/html/tests/Unit/Shared/Domain/Data/DataMappingTest.php" line="133" assertions="1" time="0.001002"/>
        <testcase name="testShouldGetFloat with data set #7" class="Whalar\Tests\Unit\Shared\Domain\Data\DataMappingTest" classname="Whalar.Tests.Unit.Shared.Domain.Data.DataMappingTest" file="/var/www/html/tests/Unit/Shared/Domain/Data/DataMappingTest.php" line="133" assertions="1" time="0.000839"/>
        <testcase name="testShouldGetFloat with data set #5" class="Whalar\Tests\Unit\Shared\Domain\Data\DataMappingTest" classname="Whalar.Tests.Unit.Shared.Domain.Data.DataMappingTest" file="/var/www/html/tests/Unit/Shared/Domain/Data/DataMappingTest.php" line="133" assertions="1" time="0.001377"/>
        <testcase name="testShouldGetFloat with data set #1" class="Whalar\Tests\Unit\Shared\Domain\Data\DataMappingTest" classname="Whalar.Tests.Unit.Shared.Domain.Data.DataMappingTest" file="/var/www/html/tests/Unit/Shared/Domain/Data/DataMappingTest.php" line="133" assertions="1" time="0.001085"/>
      </testsuite>
      <testcase name="testShouldThrowAnExceptionWhenMissingKeyOnGetStringOrFail" class="Whalar\Tests\Unit\Shared\Domain\Data\DataMappingTest" classname="Whalar.Tests.Unit.Shared.Domain.Data.DataMappingTest" file="/var/www/html/tests/Unit/Shared/Domain/Data/DataMappingTest.php" line="323" assertions="2" time="0.000631"/>
      <testsuite name="Whalar\Tests\Unit\Shared\Domain\Data\DataMappingTest::testShouldGetIntOrNull" tests="10" assertions="10" errors="0" warnings="0" failures="0" skipped="0" time="0.007981">
        <testcase name="testShouldGetIntOrNull with data set #1" class="Whalar\Tests\Unit\Shared\Domain\Data\DataMappingTest" classname="Whalar.Tests.Unit.Shared.Domain.Data.DataMappingTest" file="/var/www/html/tests/Unit/Shared/Domain/Data/DataMappingTest.php" line="123" assertions="1" time="0.000704"/>
        <testcase name="testShouldGetIntOrNull with data set #3" class="Whalar\Tests\Unit\Shared\Domain\Data\DataMappingTest" classname="Whalar.Tests.Unit.Shared.Domain.Data.DataMappingTest" file="/var/www/html/tests/Unit/Shared/Domain/Data/DataMappingTest.php" line="123" assertions="1" time="0.001231"/>
        <testcase name="testShouldGetIntOrNull with data set #7" class="Whalar\Tests\Unit\Shared\Domain\Data\DataMappingTest" classname="Whalar.Tests.Unit.Shared.Domain.Data.DataMappingTest" file="/var/www/html/tests/Unit/Shared/Domain/Data/DataMappingTest.php" line="123" assertions="1" time="0.001094"/>
        <testcase name="testShouldGetIntOrNull with data set #9" class="Whalar\Tests\Unit\Shared\Domain\Data\DataMappingTest" classname="Whalar.Tests.Unit.Shared.Domain.Data.DataMappingTest" file="/var/www/html/tests/Unit/Shared/Domain/Data/DataMappingTest.php" line="123" assertions="1" time="0.000965"/>
        <testcase name="testShouldGetIntOrNull with data set #5" class="Whalar\Tests\Unit\Shared\Domain\Data\DataMappingTest" classname="Whalar.Tests.Unit.Shared.Domain.Data.DataMappingTest" file="/var/www/html/tests/Unit/Shared/Domain/Data/DataMappingTest.php" line="123" assertions="1" time="0.000697"/>
        <testcase name="testShouldGetIntOrNull with data set #4" class="Whalar\Tests\Unit\Shared\Domain\Data\DataMappingTest" classname="Whalar.Tests.Unit.Shared.Domain.Data.DataMappingTest" file="/var/www/html/tests/Unit/Shared/Domain/Data/DataMappingTest.php" line="123" assertions="1" time="0.000702"/>
        <testcase name="testShouldGetIntOrNull with data set #8" class="Whalar\Tests\Unit\Shared\Domain\Data\DataMappingTest" classname="Whalar.Tests.Unit.Shared.Domain.Data.DataMappingTest" file="/var/www/html/tests/Unit/Shared/Domain/Data/DataMappingTest.php" line="123" assertions="1" time="0.000647"/>
        <testcase name="testShouldGetIntOrNull with data set #2" class="Whalar\Tests\Unit\Shared\Domain\Data\DataMappingTest" classname="Whalar.Tests.Unit.Shared.Domain.Data.DataMappingTest" file="/var/www/html/tests/Unit/Shared/Domain/Data/DataMappingTest.php" line="123" assertions="1" time="0.000707"/>
        <testcase name="testShouldGetIntOrNull with data set #0" class="Whalar\Tests\Unit\Shared\Domain\Data\DataMappingTest" classname="Whalar.Tests.Unit.Shared.Domain.Data.DataMappingTest" file="/var/www/html/tests/Unit/Shared/Domain/Data/DataMappingTest.php" line="123" assertions="1" time="0.000624"/>
        <testcase name="testShouldGetIntOrNull with data set #6" class="Whalar\Tests\Unit\Shared\Domain\Data\DataMappingTest" classname="Whalar.Tests.Unit.Shared.Domain.Data.DataMappingTest" file="/var/www/html/tests/Unit/Shared/Domain/Data/DataMappingTest.php" line="123" assertions="1" time="0.000611"/>
      </testsuite>
      <testsuite name="Whalar\Tests\Unit\Shared\Domain\Data\DataMappingTest::testShouldGetFloatOrNull" tests="10" assertions="10" errors="0" warnings="0" failures="0" skipped="0" time="0.005336">
        <testcase name="testShouldGetFloatOrNull with data set #7" class="Whalar\Tests\Unit\Shared\Domain\Data\DataMappingTest" classname="Whalar.Tests.Unit.Shared.Domain.Data.DataMappingTest" file="/var/www/html/tests/Unit/Shared/Domain/Data/DataMappingTest.php" line="182" assertions="1" time="0.000837"/>
        <testcase name="testShouldGetFloatOrNull with data set #8" class="Whalar\Tests\Unit\Shared\Domain\Data\DataMappingTest" classname="Whalar.Tests.Unit.Shared.Domain.Data.DataMappingTest" file="/var/www/html/tests/Unit/Shared/Domain/Data/DataMappingTest.php" line="182" assertions="1" time="0.000473"/>
        <testcase name="testShouldGetFloatOrNull with data set #0" class="Whalar\Tests\Unit\Shared\Domain\Data\DataMappingTest" classname="Whalar.Tests.Unit.Shared.Domain.Data.DataMappingTest" file="/var/www/html/tests/Unit/Shared/Domain/Data/DataMappingTest.php" line="182" assertions="1" time="0.000343"/>
        <testcase name="testShouldGetFloatOrNull with data set #2" class="Whalar\Tests\Unit\Shared\Domain\Data\DataMappingTest" classname="Whalar.Tests.Unit.Shared.Domain.Data.DataMappingTest" file="/var/www/html/tests/Unit/Shared/Domain/Data/DataMappingTest.php" line="182" assertions="1" time="0.000369"/>
        <testcase name="testShouldGetFloatOrNull with data set #6" class="Whalar\Tests\Unit\Shared\Domain\Data\DataMappingTest" classname="Whalar.Tests.Unit.Shared.Domain.Data.DataMappingTest" file="/var/www/html/tests/Unit/Shared/Domain/Data/DataMappingTest.php" line="182" assertions="1" time="0.000468"/>
        <testcase name="testShouldGetFloatOrNull with data set #1" class="Whalar\Tests\Unit\Shared\Domain\Data\DataMappingTest" classname="Whalar.Tests.Unit.Shared.Domain.Data.DataMappingTest" file="/var/www/html/tests/Unit/Shared/Domain/Data/DataMappingTest.php" line="182" assertions="1" time="0.000447"/>
        <testcase name="testShouldGetFloatOrNull with data set #4" class="Whalar\Tests\Unit\Shared\Domain\Data\DataMappingTest" classname="Whalar.Tests.Unit.Shared.Domain.Data.DataMappingTest" file="/var/www/html/tests/Unit/Shared/Domain/Data/DataMappingTest.php" line="182" assertions="1" time="0.000698"/>
        <testcase name="testShouldGetFloatOrNull with data set #5" class="Whalar\Tests\Unit\Shared\Domain\Data\DataMappingTest" classname="Whalar.Tests.Unit.Shared.Domain.Data.DataMappingTest" file="/var/www/html/tests/Unit/Shared/Domain/Data/DataMappingTest.php" line="182" assertions="1" time="0.000926"/>
        <testcase name="testShouldGetFloatOrNull with data set #3" class="Whalar\Tests\Unit\Shared\Domain\Data\DataMappingTest" classname="Whalar.Tests.Unit.Shared.Domain.Data.DataMappingTest" file="/var/www/html/tests/Unit/Shared/Domain/Data/DataMappingTest.php" line="182" assertions="1" time="0.000442"/>
        <testcase name="testShouldGetFloatOrNull with data set #9" class="Whalar\Tests\Unit\Shared\Domain\Data\DataMappingTest" classname="Whalar.Tests.Unit.Shared.Domain.Data.DataMappingTest" file="/var/www/html/tests/Unit/Shared/Domain/Data/DataMappingTest.php" line="182" assertions="1" time="0.000331"/>
      </testsuite>
    </testsuite>
    <testsuite name="Whalar\Tests\Unit\Core\Application\Command\Character\CreateCharacter\CreateCharacterCommandHandlerTest" file="/var/www/html/tests/Unit/Core/Application/Command/Character/CreateCharacter/CreateCharacterCommandHandlerTest.php" tests="3" assertions="12" errors="0" warnings="0" failures="0" skipped="0" time="0.048847">
      <testcase name="testTryCreateWithSameNameShouldThrowCharacterAlreadyExistsException" class="Whalar\Tests\Unit\Core\Application\Command\Character\CreateCharacter\CreateCharacterCommandHandlerTest" classname="Whalar.Tests.Unit.Core.Application.Command.Character.CreateCharacter.CreateCharacterCommandHandlerTest" file="/var/www/html/tests/Unit/Core/Application/Command/Character/CreateCharacter/CreateCharacterCommandHandlerTest.php" line="67" assertions="1" time="0.033946"/>
      <testcase name="testTryCreateWithSameInternalIdShouldThrowCharacterAlreadyExistsException" class="Whalar\Tests\Unit\Core\Application\Command\Character\CreateCharacter\CreateCharacterCommandHandlerTest" classname="Whalar.Tests.Unit.Core.Application.Command.Character.CreateCharacter.CreateCharacterCommandHandlerTest" file="/var/www/html/tests/Unit/Core/Application/Command/Character/CreateCharacter/CreateCharacterCommandHandlerTest.php" line="77" assertions="1" time="0.000900"/>
      <testcase name="testCharacterIsCreatedSuccessfully" class="Whalar\Tests\Unit\Core\Application\Command\Character\CreateCharacter\CreateCharacterCommandHandlerTest" classname="Whalar.Tests.Unit.Core.Application.Command.Character.CreateCharacter.CreateCharacterCommandHandlerTest" file="/var/www/html/tests/Unit/Core/Application/Command/Character/CreateCharacter/CreateCharacterCommandHandlerTest.php" line="25" assertions="10" time="0.014001"/>
    </testsuite>
  </testsuite>
</testsuites>
